This is pdfTeX, Version 3.1415926-2.4-1.40.13 (TeX Live 2012/Debian) (format=pdflatex 2015.11.5)  3 MAR 2017 00:39
entering extended mode
 restricted \write18 enabled.
 %&-line parsing enabled.
**MCAFinalYearProject.tex
(./MCAFinalYearProject.tex
LaTeX2e <2011/06/27>
Babel <v3.8m> and hyphenation patterns for english, dumylang, nohyphenation, et
hiopic, farsi, arabic, pinyin, croatian, bulgarian, ukrainian, russian, slovak,
 czech, danish, dutch, usenglishmax, ukenglish, finnish, french, basque, ngerma
n, german, swissgerman, ngerman-x-2012-05-30, german-x-2012-05-30, monogreek, g
reek, ibycus, ancientgreek, hungarian, bengali, tamil, hindi, telugu, gujarati,
 sanskrit, malayalam, kannada, assamese, marathi, oriya, panjabi, italian, lati
n, latvian, lithuanian, mongolian, mongolianlmc, nynorsk, bokmal, indonesian, e
speranto, coptic, welsh, irish, interlingua, serbian, serbianc, slovenian, friu
lan, romansh, estonian, romanian, armenian, uppersorbian, turkish, afrikaans, i
celandic, kurmanji, polish, portuguese, galician, catalan, spanish, swedish, th
ai, loaded.
(/usr/share/texlive/texmf-dist/tex/latex/base/article.cls
Document Class: article 2007/10/19 v1.4h Standard LaTeX document class
(/usr/share/texlive/texmf-dist/tex/latex/base/size12.clo
File: size12.clo 2007/10/19 v1.4h Standard LaTeX file (size option)
)
\c@part=\count79
\c@section=\count80
\c@subsection=\count81
\c@subsubsection=\count82
\c@paragraph=\count83
\c@subparagraph=\count84
\c@figure=\count85
\c@table=\count86
\abovecaptionskip=\skip41
\belowcaptionskip=\skip42
\bibindent=\dimen102
)
(/usr/share/texlive/texmf-dist/tex/latex/geometry/geometry.sty
Package: geometry 2010/09/12 v5.6 Page Geometry

(/usr/share/texlive/texmf-dist/tex/latex/graphics/keyval.sty
Package: keyval 1999/03/16 v1.13 key=value parser (DPC)
\KV@toks@=\toks14
)
(/usr/share/texlive/texmf-dist/tex/generic/oberdiek/ifpdf.sty
Package: ifpdf 2011/01/30 v2.3 Provides the ifpdf switch (HO)
Package ifpdf Info: pdfTeX in PDF mode is detected.
)
(/usr/share/texlive/texmf-dist/tex/generic/oberdiek/ifvtex.sty
Package: ifvtex 2010/03/01 v1.5 Detect VTeX and its facilities (HO)
Package ifvtex Info: VTeX not detected.
)
(/usr/share/texlive/texmf-dist/tex/generic/ifxetex/ifxetex.sty
Package: ifxetex 2010/09/12 v0.6 Provides ifxetex conditional
)
\Gm@cnth=\count87
\Gm@cntv=\count88
\c@Gm@tempcnt=\count89
\Gm@bindingoffset=\dimen103
\Gm@wd@mp=\dimen104
\Gm@odd@mp=\dimen105
\Gm@even@mp=\dimen106
\Gm@layoutwidth=\dimen107
\Gm@layoutheight=\dimen108
\Gm@layouthoffset=\dimen109
\Gm@layoutvoffset=\dimen110
\Gm@dimlist=\toks15
)
(/usr/share/texmf/tex/latex/xcolor/xcolor.sty
Package: xcolor 2007/01/21 v2.11 LaTeX color extensions (UK)

(/usr/share/texlive/texmf-dist/tex/latex/latexconfig/color.cfg
File: color.cfg 2007/01/18 v1.5 color configuration of teTeX/TeXLive
)
Package xcolor Info: Driver file: pdftex.def on input line 225.

(/usr/share/texlive/texmf-dist/tex/latex/pdftex-def/pdftex.def
File: pdftex.def 2011/05/27 v0.06d Graphics/color for pdfTeX

(/usr/share/texlive/texmf-dist/tex/generic/oberdiek/infwarerr.sty
Package: infwarerr 2010/04/08 v1.3 Providing info/warning/error messages (HO)
)
(/usr/share/texlive/texmf-dist/tex/generic/oberdiek/ltxcmds.sty
Package: ltxcmds 2011/11/09 v1.22 LaTeX kernel commands for general use (HO)
)
\Gread@gobject=\count90
)
(/usr/share/texlive/texmf-dist/tex/latex/colortbl/colortbl.sty
Package: colortbl 2012/02/13 v1.0a Color table columns (DPC)

(/usr/share/texlive/texmf-dist/tex/latex/tools/array.sty
Package: array 2008/09/09 v2.4c Tabular extension package (FMi)
\col@sep=\dimen111
\extrarowheight=\dimen112
\NC@list=\toks16
\extratabsurround=\skip43
\backup@length=\skip44
)
\everycr=\toks17
\minrowclearance=\skip45
)
\rownum=\count91
Package xcolor Info: Model `cmy' substituted by `cmy0' on input line 1337.
Package xcolor Info: Model `hsb' substituted by `rgb' on input line 1341.
Package xcolor Info: Model `RGB' extended on input line 1353.
Package xcolor Info: Model `HTML' substituted by `rgb' on input line 1355.
Package xcolor Info: Model `Hsb' substituted by `hsb' on input line 1356.
Package xcolor Info: Model `tHsb' substituted by `hsb' on input line 1357.
Package xcolor Info: Model `HSB' substituted by `hsb' on input line 1358.
Package xcolor Info: Model `Gray' substituted by `gray' on input line 1359.
Package xcolor Info: Model `wave' substituted by `hsb' on input line 1360.
)
(/usr/share/texlive/texmf-dist/tex/latex/graphics/graphicx.sty
Package: graphicx 1999/02/16 v1.0f Enhanced LaTeX Graphics (DPC,SPQR)

(/usr/share/texlive/texmf-dist/tex/latex/graphics/graphics.sty
Package: graphics 2009/02/05 v1.0o Standard LaTeX Graphics (DPC,SPQR)

(/usr/share/texlive/texmf-dist/tex/latex/graphics/trig.sty
Package: trig 1999/03/16 v1.09 sin cos tan (DPC)
)
(/usr/share/texlive/texmf-dist/tex/latex/latexconfig/graphics.cfg
File: graphics.cfg 2010/04/23 v1.9 graphics configuration of TeX Live
)
Package graphics Info: Driver file: pdftex.def on input line 91.
)
\Gin@req@height=\dimen113
\Gin@req@width=\dimen114
)
(/usr/share/texlive/texmf-dist/tex/latex/sectsty/sectsty.sty
Package: sectsty 2002/02/25 v2.0.2 Commands to change all sectional heading sty
les
)
(/usr/share/texlive/texmf-dist/tex/latex/psnfss/times.sty
Package: times 2005/04/12 PSNFSS-v9.2a (SPQR) 
)
(/usr/share/texlive/texmf-dist/tex/latex/float/float.sty
Package: float 2001/11/08 v1.3d Float enhancements (AL)
\c@float@type=\count92
\float@exts=\toks18
\float@box=\box26
\@float@everytoks=\toks19
\@floatcapt=\box27
)
(/usr/share/texlive/texmf-dist/tex/latex/fancyhdr/fancyhdr.sty
\fancy@headwidth=\skip46
\f@ncyO@elh=\skip47
\f@ncyO@erh=\skip48
\f@ncyO@olh=\skip49
\f@ncyO@orh=\skip50
\f@ncyO@elf=\skip51
\f@ncyO@erf=\skip52
\f@ncyO@olf=\skip53
\f@ncyO@orf=\skip54
)
(/usr/share/texlive/texmf-dist/tex/latex/easylist/easylist.sty
Package: easylist 2010/02/28 v.1.3 Numbered items with a single command.
\el@CounterTotal=\count93
\el@Scratch=\count94
\el@ControlCounter=\count95
\el@CounterLevel=\count96
\c@List1=\count97
\c@List2=\count98
\c@List3=\count99
\c@List4=\count100
\c@List5=\count101
\c@List6=\count102
\c@List7=\count103
\c@List8=\count104
\c@List9=\count105
\c@List10=\count106
\el@ProgressiveDimension=\dimen115
\el@CounterBox=\box28
\el@ControlBox=\box29
\el@TotalMargin=\dimen116
\el@LeftMove=\dimen117
)
(/usr/share/texlive/texmf-dist/tex/latex/amsfonts/amssymb.sty
Package: amssymb 2009/06/22 v3.00

(/usr/share/texlive/texmf-dist/tex/latex/amsfonts/amsfonts.sty
Package: amsfonts 2009/06/22 v3.00 Basic AMSFonts support
\@emptytoks=\toks20
\symAMSa=\mathgroup4
\symAMSb=\mathgroup5
LaTeX Font Info:    Overwriting math alphabet `\mathfrak' in version `bold'
(Font)                  U/euf/m/n --> U/euf/b/n on input line 96.
))
(/usr/share/texlive/texmf-dist/tex/latex/enumitem/enumitem.sty
Package: enumitem 2011/09/28 v3.5.2 Customized lists
\labelindent=\skip55
\enit@outerparindent=\dimen118
\enit@toks=\toks21
\enit@inbox=\box30
\enitdp@description=\count107
)
(/usr/share/texlive/texmf-dist/tex/latex/caption/caption.sty
Package: caption 2012/02/19 v3.2f Customizing captions (AR)

(/usr/share/texlive/texmf-dist/tex/latex/caption/caption3.sty
Package: caption3 2012/01/12 v1.4b caption3 kernel (AR)
\captionmargin=\dimen119
\captionmargin@=\dimen120
\captionwidth=\dimen121
\caption@indent=\dimen122
\caption@parindent=\dimen123
\caption@hangindent=\dimen124
)
\c@ContinuedFloat=\count108
Package caption Info: float package is loaded.
)
(/usr/share/texlive/texmf-dist/tex/latex/tools/longtable.sty
Package: longtable 2004/02/01 v4.11 Multi-page Table package (DPC)
\LTleft=\skip56
\LTright=\skip57
\LTpre=\skip58
\LTpost=\skip59
\LTchunksize=\count109
\LTcapwidth=\dimen125
\LT@head=\box31
\LT@firsthead=\box32
\LT@foot=\box33
\LT@lastfoot=\box34
\LT@cols=\count110
\LT@rows=\count111
\c@LT@tables=\count112
\c@LT@chunks=\count113
\LT@p@ftn=\toks22
)
(/usr/share/texlive/texmf-dist/tex/latex/booktabs/booktabs.sty
Package: booktabs 2005/04/14 v1.61803 publication quality tables
\heavyrulewidth=\dimen126
\lightrulewidth=\dimen127
\cmidrulewidth=\dimen128
\belowrulesep=\dimen129
\belowbottomsep=\dimen130
\aboverulesep=\dimen131
\abovetopsep=\dimen132
\cmidrulesep=\dimen133
\cmidrulekern=\dimen134
\defaultaddspace=\dimen135
\@cmidla=\count114
\@cmidlb=\count115
\@aboverulesep=\dimen136
\@belowrulesep=\dimen137
\@thisruleclass=\count116
\@lastruleclass=\count117
\@thisrulewidth=\dimen138
)
(/usr/share/texlive/texmf-dist/tex/latex/eso-pic/eso-pic.sty
Package: eso-pic 2010/10/06 v2.0c eso-pic (RN)

(/usr/share/texlive/texmf-dist/tex/generic/oberdiek/atbegshi.sty
Package: atbegshi 2011/10/05 v1.16 At begin shipout hook (HO)
))
(/usr/share/texlive/texmf-dist/tex/latex/pdfpages/pdfpages.sty
Package: pdfpages 2012/04/03 v0.4s Insert pages of external PDF documents (AM)

(/usr/share/texlive/texmf-dist/tex/latex/base/ifthen.sty
Package: ifthen 2001/05/26 v1.1c Standard LaTeX ifthen package (DPC)
)
(/usr/share/texlive/texmf-dist/tex/latex/tools/calc.sty
Package: calc 2007/08/22 v4.3 Infix arithmetic (KKT,FJ)
\calc@Acount=\count118
\calc@Bcount=\count119
\calc@Adimen=\dimen139
\calc@Bdimen=\dimen140
\calc@Askip=\skip60
\calc@Bskip=\skip61
LaTeX Info: Redefining \setlength on input line 76.
LaTeX Info: Redefining \addtolength on input line 77.
\calc@Ccount=\count120
\calc@Cskip=\skip62
)
(/usr/share/texlive/texmf-dist/tex/latex/pdfpages/pppdftex.def
File: pppdftex.def 2012/04/03 v0.4s Pdfpages driver for pdfTeX (AM)
)
\AM@pagebox=\box35
\AM@toc@title=\toks23
\c@AM@survey=\count121
\AM@templatesizebox=\box36
)
(/usr/share/texlive/texmf-dist/tex/latex/tocloft/tocloft.sty
Package: tocloft 2010/10/13 v2.3e parameterised ToC, etc., typesetting
Package tocloft Info: The document has section divisions on input line 43.
\cftparskip=\skip63
\cftbeforetoctitleskip=\skip64
\cftaftertoctitleskip=\skip65
\cftbeforepartskip=\skip66
\cftpartnumwidth=\skip67
\cftpartindent=\skip68
\cftbeforesecskip=\skip69
\cftsecindent=\skip70
\cftsecnumwidth=\skip71
\cftbeforesubsecskip=\skip72
\cftsubsecindent=\skip73
\cftsubsecnumwidth=\skip74
\cftbeforesubsubsecskip=\skip75
\cftsubsubsecindent=\skip76
\cftsubsubsecnumwidth=\skip77
\cftbeforeparaskip=\skip78
\cftparaindent=\skip79
\cftparanumwidth=\skip80
\cftbeforesubparaskip=\skip81
\cftsubparaindent=\skip82
\cftsubparanumwidth=\skip83
\cftbeforeloftitleskip=\skip84
\cftafterloftitleskip=\skip85
\cftbeforefigskip=\skip86
\cftfigindent=\skip87
\cftfignumwidth=\skip88
\c@lofdepth=\count122
\c@lotdepth=\count123
\cftbeforelottitleskip=\skip89
\cftafterlottitleskip=\skip90
\cftbeforetabskip=\skip91
\cfttabindent=\skip92
\cfttabnumwidth=\skip93
) (./ltablex.sty
Package: ltablex 2014/08/13 v1.1 Modified tabularx

(/usr/share/texlive/texmf-dist/tex/latex/tools/tabularx.sty
Package: tabularx 1999/01/07 v2.07 `tabularx' package (DPC)
\TX@col@width=\dimen141
\TX@old@table=\dimen142
\TX@old@col=\dimen143
\TX@target=\dimen144
\TX@delta=\dimen145
\TX@cols=\count124
\TX@ftn=\toks24
))
(/usr/share/texlive/texmf-dist/tex/latex/rotating/rotating.sty
Package: rotating 2009/03/28 v2.16a rotated objects in LaTeX
\c@r@tfl@t=\count125
\rotFPtop=\skip94
\rotFPbot=\skip95
\rot@float@box=\box37
\rot@mess@toks=\toks25
)
(/usr/share/texmf/tex/latex/pgf/frontendlayer/tikz.sty
(/usr/share/texmf/tex/latex/pgf/basiclayer/pgf.sty
(/usr/share/texmf/tex/latex/pgf/utilities/pgfrcs.sty
(/usr/share/texmf/tex/generic/pgf/utilities/pgfutil-common.tex
\pgfutil@everybye=\toks26
)
(/usr/share/texmf/tex/generic/pgf/utilities/pgfutil-latex.def
\pgfutil@abb=\box38

(/usr/share/texlive/texmf-dist/tex/latex/ms/everyshi.sty
Package: everyshi 2001/05/15 v3.00 EveryShipout Package (MS)
))
(/usr/share/texmf/tex/generic/pgf/utilities/pgfrcs.code.tex
Package: pgfrcs 2010/10/25 v2.10 (rcs-revision 1.24)
))
Package: pgf 2008/01/15 v2.10 (rcs-revision 1.12)

(/usr/share/texmf/tex/latex/pgf/basiclayer/pgfcore.sty
(/usr/share/texmf/tex/latex/pgf/systemlayer/pgfsys.sty
(/usr/share/texmf/tex/generic/pgf/systemlayer/pgfsys.code.tex
Package: pgfsys 2010/06/30 v2.10 (rcs-revision 1.37)

(/usr/share/texmf/tex/generic/pgf/utilities/pgfkeys.code.tex
\pgfkeys@pathtoks=\toks27
\pgfkeys@temptoks=\toks28

(/usr/share/texmf/tex/generic/pgf/utilities/pgfkeysfiltered.code.tex
\pgfkeys@tmptoks=\toks29
))
\pgf@x=\dimen146
\pgf@y=\dimen147
\pgf@xa=\dimen148
\pgf@ya=\dimen149
\pgf@xb=\dimen150
\pgf@yb=\dimen151
\pgf@xc=\dimen152
\pgf@yc=\dimen153
\w@pgf@writea=\write3
\r@pgf@reada=\read1
\c@pgf@counta=\count126
\c@pgf@countb=\count127
\c@pgf@countc=\count128
\c@pgf@countd=\count129

(/usr/share/texmf/tex/generic/pgf/systemlayer/pgf.cfg
File: pgf.cfg 2008/05/14  (rcs-revision 1.7)
)
Package pgfsys Info: Driver file for pgf: pgfsys-pdftex.def on input line 900.

(/usr/share/texmf/tex/generic/pgf/systemlayer/pgfsys-pdftex.def
File: pgfsys-pdftex.def 2009/05/22  (rcs-revision 1.26)

(/usr/share/texmf/tex/generic/pgf/systemlayer/pgfsys-common-pdf.def
File: pgfsys-common-pdf.def 2008/05/19  (rcs-revision 1.10)
)))
(/usr/share/texmf/tex/generic/pgf/systemlayer/pgfsyssoftpath.code.tex
File: pgfsyssoftpath.code.tex 2008/07/18  (rcs-revision 1.7)
\pgfsyssoftpath@smallbuffer@items=\count130
\pgfsyssoftpath@bigbuffer@items=\count131
)
(/usr/share/texmf/tex/generic/pgf/systemlayer/pgfsysprotocol.code.tex
File: pgfsysprotocol.code.tex 2006/10/16  (rcs-revision 1.4)
))
(/usr/share/texmf/tex/generic/pgf/basiclayer/pgfcore.code.tex
Package: pgfcore 2010/04/11 v2.10 (rcs-revision 1.7)

(/usr/share/texmf/tex/generic/pgf/math/pgfmath.code.tex
(/usr/share/texmf/tex/generic/pgf/math/pgfmathcalc.code.tex
(/usr/share/texmf/tex/generic/pgf/math/pgfmathutil.code.tex)
(/usr/share/texmf/tex/generic/pgf/math/pgfmathparser.code.tex
\pgfmath@dimen=\dimen154
\pgfmath@count=\count132
\pgfmath@box=\box39
\pgfmath@toks=\toks30
\pgfmath@stack@operand=\toks31
\pgfmath@stack@operation=\toks32
)
(/usr/share/texmf/tex/generic/pgf/math/pgfmathfunctions.code.tex
(/usr/share/texmf/tex/generic/pgf/math/pgfmathfunctions.basic.code.tex)
(/usr/share/texmf/tex/generic/pgf/math/pgfmathfunctions.trigonometric.code.tex)
(/usr/share/texmf/tex/generic/pgf/math/pgfmathfunctions.random.code.tex)
(/usr/share/texmf/tex/generic/pgf/math/pgfmathfunctions.comparison.code.tex)
(/usr/share/texmf/tex/generic/pgf/math/pgfmathfunctions.base.code.tex)
(/usr/share/texmf/tex/generic/pgf/math/pgfmathfunctions.round.code.tex)
(/usr/share/texmf/tex/generic/pgf/math/pgfmathfunctions.misc.code.tex)))
(/usr/share/texmf/tex/generic/pgf/math/pgfmathfloat.code.tex
\c@pgfmathroundto@lastzeros=\count133
))
(/usr/share/texmf/tex/generic/pgf/basiclayer/pgfcorepoints.code.tex
File: pgfcorepoints.code.tex 2010/04/09  (rcs-revision 1.20)
\pgf@picminx=\dimen155
\pgf@picmaxx=\dimen156
\pgf@picminy=\dimen157
\pgf@picmaxy=\dimen158
\pgf@pathminx=\dimen159
\pgf@pathmaxx=\dimen160
\pgf@pathminy=\dimen161
\pgf@pathmaxy=\dimen162
\pgf@xx=\dimen163
\pgf@xy=\dimen164
\pgf@yx=\dimen165
\pgf@yy=\dimen166
\pgf@zx=\dimen167
\pgf@zy=\dimen168
)
(/usr/share/texmf/tex/generic/pgf/basiclayer/pgfcorepathconstruct.code.tex
File: pgfcorepathconstruct.code.tex 2010/08/03  (rcs-revision 1.24)
\pgf@path@lastx=\dimen169
\pgf@path@lasty=\dimen170
)
(/usr/share/texmf/tex/generic/pgf/basiclayer/pgfcorepathusage.code.tex
File: pgfcorepathusage.code.tex 2008/04/22  (rcs-revision 1.12)
\pgf@shorten@end@additional=\dimen171
\pgf@shorten@start@additional=\dimen172
)
(/usr/share/texmf/tex/generic/pgf/basiclayer/pgfcorescopes.code.tex
File: pgfcorescopes.code.tex 2010/09/08  (rcs-revision 1.34)
\pgfpic=\box40
\pgf@hbox=\box41
\pgf@layerbox@main=\box42
\pgf@picture@serial@count=\count134
)
(/usr/share/texmf/tex/generic/pgf/basiclayer/pgfcoregraphicstate.code.tex
File: pgfcoregraphicstate.code.tex 2008/04/22  (rcs-revision 1.9)
\pgflinewidth=\dimen173
)
(/usr/share/texmf/tex/generic/pgf/basiclayer/pgfcoretransformations.code.tex
File: pgfcoretransformations.code.tex 2009/06/10  (rcs-revision 1.11)
\pgf@pt@x=\dimen174
\pgf@pt@y=\dimen175
\pgf@pt@temp=\dimen176
)
(/usr/share/texmf/tex/generic/pgf/basiclayer/pgfcorequick.code.tex
File: pgfcorequick.code.tex 2008/10/09  (rcs-revision 1.3)
)
(/usr/share/texmf/tex/generic/pgf/basiclayer/pgfcoreobjects.code.tex
File: pgfcoreobjects.code.tex 2006/10/11  (rcs-revision 1.2)
)
(/usr/share/texmf/tex/generic/pgf/basiclayer/pgfcorepathprocessing.code.tex
File: pgfcorepathprocessing.code.tex 2008/10/09  (rcs-revision 1.8)
)
(/usr/share/texmf/tex/generic/pgf/basiclayer/pgfcorearrows.code.tex
File: pgfcorearrows.code.tex 2008/04/23  (rcs-revision 1.11)
)
(/usr/share/texmf/tex/generic/pgf/basiclayer/pgfcoreshade.code.tex
File: pgfcoreshade.code.tex 2008/11/23  (rcs-revision 1.13)
\pgf@max=\dimen177
\pgf@sys@shading@range@num=\count135
)
(/usr/share/texmf/tex/generic/pgf/basiclayer/pgfcoreimage.code.tex
File: pgfcoreimage.code.tex 2010/03/25  (rcs-revision 1.16)

(/usr/share/texmf/tex/generic/pgf/basiclayer/pgfcoreexternal.code.tex
File: pgfcoreexternal.code.tex 2010/09/01  (rcs-revision 1.17)
\pgfexternal@startupbox=\box43
))
(/usr/share/texmf/tex/generic/pgf/basiclayer/pgfcorelayers.code.tex
File: pgfcorelayers.code.tex 2010/08/27  (rcs-revision 1.2)
)
(/usr/share/texmf/tex/generic/pgf/basiclayer/pgfcoretransparency.code.tex
File: pgfcoretransparency.code.tex 2008/01/17  (rcs-revision 1.2)
)
(/usr/share/texmf/tex/generic/pgf/basiclayer/pgfcorepatterns.code.tex
File: pgfcorepatterns.code.tex 2009/07/02  (rcs-revision 1.3)
)))
(/usr/share/texmf/tex/generic/pgf/modules/pgfmoduleshapes.code.tex
File: pgfmoduleshapes.code.tex 2010/09/09  (rcs-revision 1.13)
\pgfnodeparttextbox=\box44
)
(/usr/share/texmf/tex/generic/pgf/modules/pgfmoduleplot.code.tex
File: pgfmoduleplot.code.tex 2010/10/22  (rcs-revision 1.8)
)
(/usr/share/texmf/tex/latex/pgf/compatibility/pgfcomp-version-0-65.sty
Package: pgfcomp-version-0-65 2007/07/03 v2.10 (rcs-revision 1.7)
\pgf@nodesepstart=\dimen178
\pgf@nodesepend=\dimen179
)
(/usr/share/texmf/tex/latex/pgf/compatibility/pgfcomp-version-1-18.sty
Package: pgfcomp-version-1-18 2007/07/23 v2.10 (rcs-revision 1.1)
))
(/usr/share/texmf/tex/latex/pgf/utilities/pgffor.sty
(/usr/share/texmf/tex/latex/pgf/utilities/pgfkeys.sty
(/usr/share/texmf/tex/generic/pgf/utilities/pgfkeys.code.tex))
(/usr/share/texmf/tex/generic/pgf/utilities/pgffor.code.tex
Package: pgffor 2010/03/23 v2.10 (rcs-revision 1.18)
\pgffor@iter=\dimen180
\pgffor@skip=\dimen181
\pgffor@stack=\toks33
\pgffor@toks=\toks34
))
(/usr/share/texmf/tex/generic/pgf/frontendlayer/tikz/tikz.code.tex
Package: tikz 2010/10/13 v2.10 (rcs-revision 1.76)

(/usr/share/texmf/tex/generic/pgf/libraries/pgflibraryplothandlers.code.tex
File: pgflibraryplothandlers.code.tex 2010/05/31 v2.10 (rcs-revision 1.15)
\pgf@plot@mark@count=\count136
\pgfplotmarksize=\dimen182
)
\tikz@lastx=\dimen183
\tikz@lasty=\dimen184
\tikz@lastxsaved=\dimen185
\tikz@lastysaved=\dimen186
\tikzleveldistance=\dimen187
\tikzsiblingdistance=\dimen188
\tikz@figbox=\box45
\tikz@tempbox=\box46
\tikztreelevel=\count137
\tikznumberofchildren=\count138
\tikznumberofcurrentchild=\count139
\tikz@fig@count=\count140

(/usr/share/texmf/tex/generic/pgf/modules/pgfmodulematrix.code.tex
File: pgfmodulematrix.code.tex 2010/08/24  (rcs-revision 1.4)
\pgfmatrixcurrentrow=\count141
\pgfmatrixcurrentcolumn=\count142
\pgf@matrix@numberofcolumns=\count143
)
\tikz@expandcount=\count144

(/usr/share/texmf/tex/generic/pgf/frontendlayer/tikz/libraries/tikzlibrarytopat
hs.code.tex
File: tikzlibrarytopaths.code.tex 2008/06/17 v2.10 (rcs-revision 1.2)
))) (/usr/share/texlive/texmf-dist/tex/latex/upquote/upquote.sty
Package: upquote 2012/04/19 v1.3 upright-quote and grave-accent glyphs in verba
tim

(/usr/share/texlive/texmf-dist/tex/latex/base/textcomp.sty
Package: textcomp 2005/09/27 v1.99g Standard LaTeX package
Package textcomp Info: Sub-encoding information:
(textcomp)               5 = only ISO-Adobe without \textcurrency
(textcomp)               4 = 5 + \texteuro
(textcomp)               3 = 4 + \textohm
(textcomp)               2 = 3 + \textestimated + \textcurrency
(textcomp)               1 = TS1 - \textcircled - \t
(textcomp)               0 = TS1 (full)
(textcomp)             Font families with sub-encoding setting implement
(textcomp)             only a restricted character set as indicated.
(textcomp)             Family '?' is the default used for unknown fonts.
(textcomp)             See the documentation for details.
Package textcomp Info: Setting ? sub-encoding to TS1/1 on input line 71.

(/usr/share/texlive/texmf-dist/tex/latex/base/ts1enc.def
File: ts1enc.def 2001/06/05 v3.0e (jk/car/fm) Standard LaTeX file
)
LaTeX Info: Redefining \oldstylenums on input line 266.
Package textcomp Info: Setting cmr sub-encoding to TS1/0 on input line 281.
Package textcomp Info: Setting cmss sub-encoding to TS1/0 on input line 282.
Package textcomp Info: Setting cmtt sub-encoding to TS1/0 on input line 283.
Package textcomp Info: Setting cmvtt sub-encoding to TS1/0 on input line 284.
Package textcomp Info: Setting cmbr sub-encoding to TS1/0 on input line 285.
Package textcomp Info: Setting cmtl sub-encoding to TS1/0 on input line 286.
Package textcomp Info: Setting ccr sub-encoding to TS1/0 on input line 287.
Package textcomp Info: Setting ptm sub-encoding to TS1/4 on input line 288.
Package textcomp Info: Setting pcr sub-encoding to TS1/4 on input line 289.
Package textcomp Info: Setting phv sub-encoding to TS1/4 on input line 290.
Package textcomp Info: Setting ppl sub-encoding to TS1/3 on input line 291.
Package textcomp Info: Setting pag sub-encoding to TS1/4 on input line 292.
Package textcomp Info: Setting pbk sub-encoding to TS1/4 on input line 293.
Package textcomp Info: Setting pnc sub-encoding to TS1/4 on input line 294.
Package textcomp Info: Setting pzc sub-encoding to TS1/4 on input line 295.
Package textcomp Info: Setting bch sub-encoding to TS1/4 on input line 296.
Package textcomp Info: Setting put sub-encoding to TS1/5 on input line 297.
Package textcomp Info: Setting uag sub-encoding to TS1/5 on input line 298.
Package textcomp Info: Setting ugq sub-encoding to TS1/5 on input line 299.
Package textcomp Info: Setting ul8 sub-encoding to TS1/4 on input line 300.
Package textcomp Info: Setting ul9 sub-encoding to TS1/4 on input line 301.
Package textcomp Info: Setting augie sub-encoding to TS1/5 on input line 302.
Package textcomp Info: Setting dayrom sub-encoding to TS1/3 on input line 303.
Package textcomp Info: Setting dayroms sub-encoding to TS1/3 on input line 304.

Package textcomp Info: Setting pxr sub-encoding to TS1/0 on input line 305.
Package textcomp Info: Setting pxss sub-encoding to TS1/0 on input line 306.
Package textcomp Info: Setting pxtt sub-encoding to TS1/0 on input line 307.
Package textcomp Info: Setting txr sub-encoding to TS1/0 on input line 308.
Package textcomp Info: Setting txss sub-encoding to TS1/0 on input line 309.
Package textcomp Info: Setting txtt sub-encoding to TS1/0 on input line 310.
Package textcomp Info: Setting lmr sub-encoding to TS1/0 on input line 311.
Package textcomp Info: Setting lmdh sub-encoding to TS1/0 on input line 312.
Package textcomp Info: Setting lmss sub-encoding to TS1/0 on input line 313.
Package textcomp Info: Setting lmssq sub-encoding to TS1/0 on input line 314.
Package textcomp Info: Setting lmvtt sub-encoding to TS1/0 on input line 315.
Package textcomp Info: Setting qhv sub-encoding to TS1/0 on input line 316.
Package textcomp Info: Setting qag sub-encoding to TS1/0 on input line 317.
Package textcomp Info: Setting qbk sub-encoding to TS1/0 on input line 318.
Package textcomp Info: Setting qcr sub-encoding to TS1/0 on input line 319.
Package textcomp Info: Setting qcs sub-encoding to TS1/0 on input line 320.
Package textcomp Info: Setting qpl sub-encoding to TS1/0 on input line 321.
Package textcomp Info: Setting qtm sub-encoding to TS1/0 on input line 322.
Package textcomp Info: Setting qzc sub-encoding to TS1/0 on input line 323.
Package textcomp Info: Setting qhvc sub-encoding to TS1/0 on input line 324.
Package textcomp Info: Setting futs sub-encoding to TS1/4 on input line 325.
Package textcomp Info: Setting futx sub-encoding to TS1/4 on input line 326.
Package textcomp Info: Setting futj sub-encoding to TS1/4 on input line 327.
Package textcomp Info: Setting hlh sub-encoding to TS1/3 on input line 328.
Package textcomp Info: Setting hls sub-encoding to TS1/3 on input line 329.
Package textcomp Info: Setting hlst sub-encoding to TS1/3 on input line 330.
Package textcomp Info: Setting hlct sub-encoding to TS1/5 on input line 331.
Package textcomp Info: Setting hlx sub-encoding to TS1/5 on input line 332.
Package textcomp Info: Setting hlce sub-encoding to TS1/5 on input line 333.
Package textcomp Info: Setting hlcn sub-encoding to TS1/5 on input line 334.
Package textcomp Info: Setting hlcw sub-encoding to TS1/5 on input line 335.
Package textcomp Info: Setting hlcf sub-encoding to TS1/5 on input line 336.
Package textcomp Info: Setting pplx sub-encoding to TS1/3 on input line 337.
Package textcomp Info: Setting pplj sub-encoding to TS1/3 on input line 338.
Package textcomp Info: Setting ptmx sub-encoding to TS1/4 on input line 339.
Package textcomp Info: Setting ptmj sub-encoding to TS1/4 on input line 340.
))
(/usr/share/texlive/texmf-dist/tex/latex/base/inputenc.sty
Package: inputenc 2008/03/30 v1.1d Input encoding file
\inpenc@prehook=\toks35
\inpenc@posthook=\toks36

(/usr/share/texlive/texmf-dist/tex/latex/base/utf8.def
File: utf8.def 2008/04/05 v1.1m UTF-8 support for inputenc
Now handling font encoding OML ...
... no UTF-8 mapping file for font encoding OML
Now handling font encoding T1 ...
... processing UTF-8 mapping file for font encoding T1

(/usr/share/texlive/texmf-dist/tex/latex/base/t1enc.dfu
File: t1enc.dfu 2008/04/05 v1.1m UTF-8 support for inputenc
   defining Unicode char U+00A1 (decimal 161)
   defining Unicode char U+00A3 (decimal 163)
   defining Unicode char U+00AB (decimal 171)
   defining Unicode char U+00BB (decimal 187)
   defining Unicode char U+00BF (decimal 191)
   defining Unicode char U+00C0 (decimal 192)
   defining Unicode char U+00C1 (decimal 193)
   defining Unicode char U+00C2 (decimal 194)
   defining Unicode char U+00C3 (decimal 195)
   defining Unicode char U+00C4 (decimal 196)
   defining Unicode char U+00C5 (decimal 197)
   defining Unicode char U+00C6 (decimal 198)
   defining Unicode char U+00C7 (decimal 199)
   defining Unicode char U+00C8 (decimal 200)
   defining Unicode char U+00C9 (decimal 201)
   defining Unicode char U+00CA (decimal 202)
   defining Unicode char U+00CB (decimal 203)
   defining Unicode char U+00CC (decimal 204)
   defining Unicode char U+00CD (decimal 205)
   defining Unicode char U+00CE (decimal 206)
   defining Unicode char U+00CF (decimal 207)
   defining Unicode char U+00D0 (decimal 208)
   defining Unicode char U+00D1 (decimal 209)
   defining Unicode char U+00D2 (decimal 210)
   defining Unicode char U+00D3 (decimal 211)
   defining Unicode char U+00D4 (decimal 212)
   defining Unicode char U+00D5 (decimal 213)
   defining Unicode char U+00D6 (decimal 214)
   defining Unicode char U+00D8 (decimal 216)
   defining Unicode char U+00D9 (decimal 217)
   defining Unicode char U+00DA (decimal 218)
   defining Unicode char U+00DB (decimal 219)
   defining Unicode char U+00DC (decimal 220)
   defining Unicode char U+00DD (decimal 221)
   defining Unicode char U+00DE (decimal 222)
   defining Unicode char U+00DF (decimal 223)
   defining Unicode char U+00E0 (decimal 224)
   defining Unicode char U+00E1 (decimal 225)
   defining Unicode char U+00E2 (decimal 226)
   defining Unicode char U+00E3 (decimal 227)
   defining Unicode char U+00E4 (decimal 228)
   defining Unicode char U+00E5 (decimal 229)
   defining Unicode char U+00E6 (decimal 230)
   defining Unicode char U+00E7 (decimal 231)
   defining Unicode char U+00E8 (decimal 232)
   defining Unicode char U+00E9 (decimal 233)
   defining Unicode char U+00EA (decimal 234)
   defining Unicode char U+00EB (decimal 235)
   defining Unicode char U+00EC (decimal 236)
   defining Unicode char U+00ED (decimal 237)
   defining Unicode char U+00EE (decimal 238)
   defining Unicode char U+00EF (decimal 239)
   defining Unicode char U+00F0 (decimal 240)
   defining Unicode char U+00F1 (decimal 241)
   defining Unicode char U+00F2 (decimal 242)
   defining Unicode char U+00F3 (decimal 243)
   defining Unicode char U+00F4 (decimal 244)
   defining Unicode char U+00F5 (decimal 245)
   defining Unicode char U+00F6 (decimal 246)
   defining Unicode char U+00F8 (decimal 248)
   defining Unicode char U+00F9 (decimal 249)
   defining Unicode char U+00FA (decimal 250)
   defining Unicode char U+00FB (decimal 251)
   defining Unicode char U+00FC (decimal 252)
   defining Unicode char U+00FD (decimal 253)
   defining Unicode char U+00FE (decimal 254)
   defining Unicode char U+00FF (decimal 255)
   defining Unicode char U+0102 (decimal 258)
   defining Unicode char U+0103 (decimal 259)
   defining Unicode char U+0104 (decimal 260)
   defining Unicode char U+0105 (decimal 261)
   defining Unicode char U+0106 (decimal 262)
   defining Unicode char U+0107 (decimal 263)
   defining Unicode char U+010C (decimal 268)
   defining Unicode char U+010D (decimal 269)
   defining Unicode char U+010E (decimal 270)
   defining Unicode char U+010F (decimal 271)
   defining Unicode char U+0110 (decimal 272)
   defining Unicode char U+0111 (decimal 273)
   defining Unicode char U+0118 (decimal 280)
   defining Unicode char U+0119 (decimal 281)
   defining Unicode char U+011A (decimal 282)
   defining Unicode char U+011B (decimal 283)
   defining Unicode char U+011E (decimal 286)
   defining Unicode char U+011F (decimal 287)
   defining Unicode char U+0130 (decimal 304)
   defining Unicode char U+0131 (decimal 305)
   defining Unicode char U+0132 (decimal 306)
   defining Unicode char U+0133 (decimal 307)
   defining Unicode char U+0139 (decimal 313)
   defining Unicode char U+013A (decimal 314)
   defining Unicode char U+013D (decimal 317)
   defining Unicode char U+013E (decimal 318)
   defining Unicode char U+0141 (decimal 321)
   defining Unicode char U+0142 (decimal 322)
   defining Unicode char U+0143 (decimal 323)
   defining Unicode char U+0144 (decimal 324)
   defining Unicode char U+0147 (decimal 327)
   defining Unicode char U+0148 (decimal 328)
   defining Unicode char U+014A (decimal 330)
   defining Unicode char U+014B (decimal 331)
   defining Unicode char U+0150 (decimal 336)
   defining Unicode char U+0151 (decimal 337)
   defining Unicode char U+0152 (decimal 338)
   defining Unicode char U+0153 (decimal 339)
   defining Unicode char U+0154 (decimal 340)
   defining Unicode char U+0155 (decimal 341)
   defining Unicode char U+0158 (decimal 344)
   defining Unicode char U+0159 (decimal 345)
   defining Unicode char U+015A (decimal 346)
   defining Unicode char U+015B (decimal 347)
   defining Unicode char U+015E (decimal 350)
   defining Unicode char U+015F (decimal 351)
   defining Unicode char U+0160 (decimal 352)
   defining Unicode char U+0161 (decimal 353)
   defining Unicode char U+0162 (decimal 354)
   defining Unicode char U+0163 (decimal 355)
   defining Unicode char U+0164 (decimal 356)
   defining Unicode char U+0165 (decimal 357)
   defining Unicode char U+016E (decimal 366)
   defining Unicode char U+016F (decimal 367)
   defining Unicode char U+0170 (decimal 368)
   defining Unicode char U+0171 (decimal 369)
   defining Unicode char U+0178 (decimal 376)
   defining Unicode char U+0179 (decimal 377)
   defining Unicode char U+017A (decimal 378)
   defining Unicode char U+017B (decimal 379)
   defining Unicode char U+017C (decimal 380)
   defining Unicode char U+017D (decimal 381)
   defining Unicode char U+017E (decimal 382)
   defining Unicode char U+200C (decimal 8204)
   defining Unicode char U+2013 (decimal 8211)
   defining Unicode char U+2014 (decimal 8212)
   defining Unicode char U+2018 (decimal 8216)
   defining Unicode char U+2019 (decimal 8217)
   defining Unicode char U+201A (decimal 8218)
   defining Unicode char U+201C (decimal 8220)
   defining Unicode char U+201D (decimal 8221)
   defining Unicode char U+201E (decimal 8222)
   defining Unicode char U+2030 (decimal 8240)
   defining Unicode char U+2031 (decimal 8241)
   defining Unicode char U+2039 (decimal 8249)
   defining Unicode char U+203A (decimal 8250)
   defining Unicode char U+2423 (decimal 9251)
)
Now handling font encoding OT1 ...
... processing UTF-8 mapping file for font encoding OT1

(/usr/share/texlive/texmf-dist/tex/latex/base/ot1enc.dfu
File: ot1enc.dfu 2008/04/05 v1.1m UTF-8 support for inputenc
   defining Unicode char U+00A1 (decimal 161)
   defining Unicode char U+00A3 (decimal 163)
   defining Unicode char U+00B8 (decimal 184)
   defining Unicode char U+00BF (decimal 191)
   defining Unicode char U+00C5 (decimal 197)
   defining Unicode char U+00C6 (decimal 198)
   defining Unicode char U+00D8 (decimal 216)
   defining Unicode char U+00DF (decimal 223)
   defining Unicode char U+00E6 (decimal 230)
   defining Unicode char U+00EC (decimal 236)
   defining Unicode char U+00ED (decimal 237)
   defining Unicode char U+00EE (decimal 238)
   defining Unicode char U+00EF (decimal 239)
   defining Unicode char U+00F8 (decimal 248)
   defining Unicode char U+0131 (decimal 305)
   defining Unicode char U+0141 (decimal 321)
   defining Unicode char U+0142 (decimal 322)
   defining Unicode char U+0152 (decimal 338)
   defining Unicode char U+0153 (decimal 339)
   defining Unicode char U+2013 (decimal 8211)
   defining Unicode char U+2014 (decimal 8212)
   defining Unicode char U+2018 (decimal 8216)
   defining Unicode char U+2019 (decimal 8217)
   defining Unicode char U+201C (decimal 8220)
   defining Unicode char U+201D (decimal 8221)
)
Now handling font encoding OMS ...
... processing UTF-8 mapping file for font encoding OMS

(/usr/share/texlive/texmf-dist/tex/latex/base/omsenc.dfu
File: omsenc.dfu 2008/04/05 v1.1m UTF-8 support for inputenc
   defining Unicode char U+00A7 (decimal 167)
   defining Unicode char U+00B6 (decimal 182)
   defining Unicode char U+00B7 (decimal 183)
   defining Unicode char U+2020 (decimal 8224)
   defining Unicode char U+2021 (decimal 8225)
   defining Unicode char U+2022 (decimal 8226)
)
Now handling font encoding OMX ...
... no UTF-8 mapping file for font encoding OMX
Now handling font encoding U ...
... no UTF-8 mapping file for font encoding U
Now handling font encoding TS1 ...
... processing UTF-8 mapping file for font encoding TS1

(/usr/share/texlive/texmf-dist/tex/latex/base/ts1enc.dfu
File: ts1enc.dfu 2008/04/05 v1.1m UTF-8 support for inputenc
   defining Unicode char U+00A2 (decimal 162)
   defining Unicode char U+00A3 (decimal 163)
   defining Unicode char U+00A4 (decimal 164)
   defining Unicode char U+00A5 (decimal 165)
   defining Unicode char U+00A6 (decimal 166)
   defining Unicode char U+00A7 (decimal 167)
   defining Unicode char U+00A8 (decimal 168)
   defining Unicode char U+00A9 (decimal 169)
   defining Unicode char U+00AA (decimal 170)
   defining Unicode char U+00AC (decimal 172)
   defining Unicode char U+00AE (decimal 174)
   defining Unicode char U+00AF (decimal 175)
   defining Unicode char U+00B0 (decimal 176)
   defining Unicode char U+00B1 (decimal 177)
   defining Unicode char U+00B2 (decimal 178)
   defining Unicode char U+00B3 (decimal 179)
   defining Unicode char U+00B4 (decimal 180)
   defining Unicode char U+00B5 (decimal 181)
   defining Unicode char U+00B6 (decimal 182)
   defining Unicode char U+00B7 (decimal 183)
   defining Unicode char U+00B9 (decimal 185)
   defining Unicode char U+00BA (decimal 186)
   defining Unicode char U+00BC (decimal 188)
   defining Unicode char U+00BD (decimal 189)
   defining Unicode char U+00BE (decimal 190)
   defining Unicode char U+00D7 (decimal 215)
   defining Unicode char U+00F7 (decimal 247)
   defining Unicode char U+0192 (decimal 402)
   defining Unicode char U+02C7 (decimal 711)
   defining Unicode char U+02D8 (decimal 728)
   defining Unicode char U+02DD (decimal 733)
   defining Unicode char U+0E3F (decimal 3647)
   defining Unicode char U+2016 (decimal 8214)
   defining Unicode char U+2020 (decimal 8224)
   defining Unicode char U+2021 (decimal 8225)
   defining Unicode char U+2022 (decimal 8226)
   defining Unicode char U+2030 (decimal 8240)
   defining Unicode char U+2031 (decimal 8241)
   defining Unicode char U+203B (decimal 8251)
   defining Unicode char U+203D (decimal 8253)
   defining Unicode char U+2044 (decimal 8260)
   defining Unicode char U+204E (decimal 8270)
   defining Unicode char U+2052 (decimal 8274)
   defining Unicode char U+20A1 (decimal 8353)
   defining Unicode char U+20A4 (decimal 8356)
   defining Unicode char U+20A6 (decimal 8358)
   defining Unicode char U+20A9 (decimal 8361)
   defining Unicode char U+20AB (decimal 8363)
   defining Unicode char U+20AC (decimal 8364)
   defining Unicode char U+20B1 (decimal 8369)
   defining Unicode char U+2103 (decimal 8451)
   defining Unicode char U+2116 (decimal 8470)
   defining Unicode char U+2117 (decimal 8471)
   defining Unicode char U+211E (decimal 8478)
   defining Unicode char U+2120 (decimal 8480)
   defining Unicode char U+2122 (decimal 8482)
   defining Unicode char U+2126 (decimal 8486)
   defining Unicode char U+2127 (decimal 8487)
   defining Unicode char U+212E (decimal 8494)
   defining Unicode char U+2190 (decimal 8592)
   defining Unicode char U+2191 (decimal 8593)
   defining Unicode char U+2192 (decimal 8594)
   defining Unicode char U+2193 (decimal 8595)
   defining Unicode char U+2329 (decimal 9001)
   defining Unicode char U+232A (decimal 9002)
   defining Unicode char U+2422 (decimal 9250)
   defining Unicode char U+25E6 (decimal 9702)
   defining Unicode char U+25EF (decimal 9711)
   defining Unicode char U+266A (decimal 9834)
)
   defining Unicode char U+00A9 (decimal 169)
   defining Unicode char U+00AA (decimal 170)
   defining Unicode char U+00AE (decimal 174)
   defining Unicode char U+00BA (decimal 186)
   defining Unicode char U+02C6 (decimal 710)
   defining Unicode char U+02DC (decimal 732)
   defining Unicode char U+200C (decimal 8204)
   defining Unicode char U+2026 (decimal 8230)
   defining Unicode char U+2122 (decimal 8482)
   defining Unicode char U+2423 (decimal 9251)
))
(/usr/share/texlive/texmf-dist/tex/latex/listings/listings.sty
\lst@mode=\count145
\lst@gtempboxa=\box47
\lst@token=\toks37
\lst@length=\count146
\lst@currlwidth=\dimen189
\lst@column=\count147
\lst@pos=\count148
\lst@lostspace=\dimen190
\lst@width=\dimen191
\lst@newlines=\count149
\lst@lineno=\count150
\lst@maxwidth=\dimen192

(/usr/share/texlive/texmf-dist/tex/latex/listings/lstmisc.sty
File: lstmisc.sty 2007/02/22 1.4 (Carsten Heinz)
\c@lstnumber=\count151
\lst@skipnumbers=\count152
\lst@framebox=\box48
)
(/usr/share/texlive/texmf-dist/tex/latex/listings/listings.cfg
File: listings.cfg 2007/02/22 1.4 listings configuration
))
Package: listings 2007/02/22 1.4 (Carsten Heinz)

(./listings-golang.sty) (./go/lang.sty) (./go/style.sty) (./html/main.sty)
(/usr/share/texlive/texmf-dist/tex/latex/glossaries/base/glossaries.sty
Package: glossaries 2012/05/21 v3.02 (NLCT)

(/usr/share/texlive/texmf-dist/tex/latex/xkeyval/xkeyval.sty
Package: xkeyval 2008/08/13 v2.6a package option processing (HA)

(/usr/share/texlive/texmf-dist/tex/generic/xkeyval/xkeyval.tex
\XKV@toks=\toks38
\XKV@tempa@toks=\toks39
\XKV@depth=\count153
File: xkeyval.tex 2008/08/13 v2.6a key=value parser (HA)
))
(/usr/share/texlive/texmf-dist/tex/latex/glossaries/base/mfirstuc.sty
Package: mfirstuc 2012/05/21 v1.06 (NLCT)

(/usr/share/texlive/texmf-dist/tex/latex/etoolbox/etoolbox.sty
Package: etoolbox 2011/01/03 v2.1 e-TeX tools for LaTeX

(/usr/share/texlive/texmf-dist/tex/latex/etex-pkg/etex.sty
Package: etex 1998/03/26 v2.0 eTeX basic definition package (PEB)
\et@xins=\count154
)
\etb@tempcnta=\count155
)
\@glsmfirst=\toks40
\@glsmrest=\toks41
)
(/usr/share/texlive/texmf-dist/tex/latex/xfor/xfor.sty
Package: xfor 2009/02/05 v1.05 (NLCT)
)
(/usr/share/texlive/texmf-dist/tex/latex/amsmath/amsgen.sty
File: amsgen.sty 1999/11/30 v2.0
\@emptytoks=\toks42
\ex@=\dimen193
)
\gls@level=\count156
\@gls@tmpb=\toks43
\gls@tmplen=\skip96
\glswrite=\write4
\glskeylisttok=\toks44
\glslabeltok=\toks45
\glsshorttok=\toks46
\glslongtok=\toks47

(/usr/share/texlive/texmf-dist/tex/latex/glossaries/styles/glossary-hypernav.st
y
Package: glossary-hypernav 2007/07/04 v1.01 (NLCT)
) (/usr/share/texlive/texmf-dist/tex/latex/glossaries/styles/glossary-list.sty
Package: glossary-list 2011/03/28 v3.0 (NLCT)
\glslistdottedwidth=\skip97
) (/usr/share/texlive/texmf-dist/tex/latex/glossaries/styles/glossary-long.sty
Package: glossary-long 2011/03/28 v3.0 (NLCT)
\glsdescwidth=\skip98
\glspagelistwidth=\skip99
) (/usr/share/texlive/texmf-dist/tex/latex/glossaries/styles/glossary-super.sty
Package: glossary-super 2011/03/28 v3.0 (NLCT)

(/usr/share/texlive/texmf-dist/tex/latex/supertabular/supertabular.sty
Package: supertabular 2004/02/20 v4.1e the supertabular environment
\c@tracingst=\count157
\ST@wd=\dimen194
\ST@rightskip=\skip100
\ST@leftskip=\skip101
\ST@parfillskip=\skip102
\ST@pageleft=\dimen195
\ST@headht=\dimen196
\ST@tailht=\dimen197
\ST@pagesofar=\dimen198
\ST@pboxht=\dimen199
\ST@lineht=\dimen200
\ST@stretchht=\dimen201
\ST@prevht=\dimen202
\ST@toadd=\dimen203
\ST@dimen=\dimen204
\ST@pbox=\box49
))
(/usr/share/texlive/texmf-dist/tex/latex/glossaries/styles/glossary-tree.sty
Package: glossary-tree 2011/03/28 v3.0 (NLCT)
\glstreeindent=\skip103
))
(./glossary.tex)
\glo@main@file=\write5
\openout5 = `MCAFinalYearProject.glo'.

Package glossaries Info: Writing glossary file MCAFinalYearProject.glo on input
 line 46.
\glo@acronym@file=\write6
\openout6 = `MCAFinalYearProject.acn'.

Package glossaries Info: Writing glossary file MCAFinalYearProject.acn on input
 line 46.
\c@functionalrequirement=\count158
 (/usr/share/texlive/texmf-dist/tex/latex/pgfplots/pgfplots.sty (/usr/share/tex
live/texmf-dist/tex/generic/pgfplots/pgfplots.revision.tex)
Package: pgfplots 2011/12/29 v1.5.1 (git show 1.5.1-4-g53e640f )

(/usr/share/texlive/texmf-dist/tex/generic/pgfplots/pgfplots.code.tex
(/usr/share/texlive/texmf-dist/tex/generic/pgfplots/pgfplotscore.code.tex
\t@pgfplots@toka=\toks48
\t@pgfplots@tokb=\toks49
\t@pgfplots@tokc=\toks50
\pgfplots@tmpa=\dimen205
\c@pgfplots@coordindex=\count159
\c@pgfplots@scanlineindex=\count160

(/usr/share/texlive/texmf-dist/tex/generic/pgfplots/sys/pgfplotssysgeneric.code
.tex))
(/usr/share/texlive/texmf-dist/tex/generic/pgfplots/libs/pgfplotslibrary.code.t
ex)
(/usr/share/texlive/texmf-dist/tex/generic/pgfplots/oldpgfcompatib/pgfplotsoldp
gfsupp_loader.code.tex
Package pgfplots: loading complementary code for your PGF version...

(/usr/share/texlive/texmf-dist/tex/generic/pgfplots/oldpgfcompatib/pgfplotsoldp
gfsupp_misc.code.tex)
(/usr/share/texlive/texmf-dist/tex/generic/pgfplots/oldpgfcompatib/pgfplotsoldp
gfsupp_pgfkeys.code.tex
\pgfkeys@pathtoks=\toks51
\pgfkeys@temptoks=\toks52

(/usr/share/texlive/texmf-dist/tex/generic/pgfplots/oldpgfcompatib/pgfplotsoldp
gfsupp_pgfkeysfiltered.code.tex
\pgfkeys@tmptoks=\toks53
))
(/usr/share/texlive/texmf-dist/tex/generic/pgfplots/oldpgfcompatib/pgfplotsoldp
gfsupp_pgfmathfloat.code.tex
\c@pgfmathroundto@lastzeros=\count161
)
(/usr/share/texlive/texmf-dist/tex/generic/pgfplots/oldpgfcompatib/pgfplotsoldp
gfsupp_pgflibraryplothandlers.code.tex
File: pgflibraryplothandlers.code.tex 2011/12/28 v2.10 (rcs-revision 1.16)
\pgf@plot@mark@count=\count162
\pgfplotmarksize=\dimen206
)
(/usr/share/texlive/texmf-dist/tex/generic/pgfplots/oldpgfcompatib/pgfplotsoldp
gfsupp_pgflibraryfpu.code.tex))
(/usr/share/texlive/texmf-dist/tex/generic/pgfplots/util/pgfplotsutil.code.tex
(/usr/share/texlive/texmf-dist/tex/generic/pgfplots/liststructure/pgfplotslists
tructure.code.tex)
(/usr/share/texlive/texmf-dist/tex/generic/pgfplots/liststructure/pgfplotslists
tructureext.code.tex)
(/usr/share/texlive/texmf-dist/tex/generic/pgfplots/liststructure/pgfplotsarray
.code.tex
\c@pgfplotsarray@tmp=\count163
)
(/usr/share/texlive/texmf-dist/tex/generic/pgfplots/liststructure/pgfplotsmatri
x.code.tex)
(/usr/share/texlive/texmf-dist/tex/generic/pgfplots/numtable/pgfplotstableshare
d.code.tex
\c@pgfplotstable@counta=\count164
\t@pgfplotstable@a=\toks54
)
(/usr/share/texlive/texmf-dist/tex/generic/pgfplots/liststructure/pgfplotsdeque
.code.tex)
(/usr/share/texlive/texmf-dist/tex/generic/pgfplots/util/pgfplotsbinary.code.te
x)
(/usr/share/texlive/texmf-dist/tex/generic/pgfplots/util/pgfplotsutil.verb.code
.tex)
(/usr/share/texlive/texmf-dist/tex/generic/pgfplots/libs/pgflibrarypgfplots.sur
fshading.code.tex
\c@pgfplotslibrarysurf@no=\count165

(/usr/share/texlive/texmf-dist/tex/generic/pgfplots/sys/pgflibrarypgfplots.surf
shading.pgfsys-pdftex.def)))
(/usr/share/texlive/texmf-dist/tex/generic/pgfplots/util/pgfplotscolormap.code.
tex)
(/usr/share/texlive/texmf-dist/tex/generic/pgfplots/pgfplotsstackedplots.code.t
ex)
(/usr/share/texlive/texmf-dist/tex/generic/pgfplots/pgfplotsplothandlers.code.t
ex
(/usr/share/texlive/texmf-dist/tex/generic/pgfplots/pgfplotsmeshplothandler.cod
e.tex))
(/usr/share/texlive/texmf-dist/tex/generic/pgfplots/pgfplotscoordprocessing.cod
e.tex)
(/usr/share/texlive/texmf-dist/tex/generic/pgfplots/pgfplotsticks.code.tex)
(/usr/share/texlive/texmf-dist/tex/generic/pgfplots/pgfplots.paths.code.tex)
(/usr/share/texmf/tex/generic/pgf/frontendlayer/tikz/libraries/tikzlibrarydecor
ations.code.tex
(/usr/share/texmf/tex/generic/pgf/modules/pgfmoduledecorations.code.tex
\pgfdecoratedcompleteddistance=\dimen207
\pgfdecoratedremainingdistance=\dimen208
\pgfdecoratedinputsegmentcompleteddistance=\dimen209
\pgfdecoratedinputsegmentremainingdistance=\dimen210
\pgf@decorate@distancetomove=\dimen211
\pgf@decorate@repeatstate=\count166
\pgfdecorationsegmentamplitude=\dimen212
\pgfdecorationsegmentlength=\dimen213
)
\tikz@lib@dec@box=\box50
)
(/usr/share/texmf/tex/generic/pgf/frontendlayer/tikz/libraries/tikzlibrarydecor
ations.pathmorphing.code.tex
(/usr/share/texmf/tex/generic/pgf/libraries/decorations/pgflibrarydecorations.p
athmorphing.code.tex))
(/usr/share/texmf/tex/generic/pgf/frontendlayer/tikz/libraries/tikzlibrarydecor
ations.pathreplacing.code.tex
(/usr/share/texmf/tex/generic/pgf/libraries/decorations/pgflibrarydecorations.p
athreplacing.code.tex))
\pgfplots@numplots=\count167
\pgfplots@xmin@reg=\dimen214
\pgfplots@xmax@reg=\dimen215
\pgfplots@ymin@reg=\dimen216
\pgfplots@ymax@reg=\dimen217
\pgfplots@zmin@reg=\dimen218
\pgfplots@zmax@reg=\dimen219
)
(/usr/share/texmf/tex/generic/pgf/frontendlayer/tikz/libraries/tikzlibraryplotm
arks.code.tex
File: tikzlibraryplotmarks.code.tex 2008/01/09 v2.10 (rcs-revision 1.1)

(/usr/share/texmf/tex/generic/pgf/libraries/pgflibraryplotmarks.code.tex
File: pgflibraryplotmarks.code.tex 2010/10/15 v2.10 (rcs-revision 1.12)
)))
(/usr/share/texlive/texmf-dist/tex/latex/pgfplots/pgfplotstable.sty
Package: pgfplotstable 2011/12/19 Part of pgfplots

(/usr/share/texlive/texmf-dist/tex/generic/pgfplots/numtable/pgfplotstable.code
.tex
(/usr/share/texlive/texmf-dist/tex/generic/pgfplots/numtable/pgfplotstable.colt
ype.code.tex)))
(/usr/share/texmf/tex/generic/pgf/frontendlayer/tikz/libraries/tikzlibrarybackg
rounds.code.tex
File: tikzlibrarybackgrounds.code.tex 2010/02/08 v2.10 (rcs-revision 1.2)
\pgf@layerbox@background=\box51
\pgf@layerboxsaved@background=\box52
)

LaTeX Warning: Unused global option(s):
    [hidelinks].

(./MCAFinalYearProject.aux

LaTeX Warning: Label `table:2' multiply defined.


LaTeX Warning: Label `table:2' multiply defined.


LaTeX Warning: Label `table:2' multiply defined.


LaTeX Warning: Label `table:2' multiply defined.


LaTeX Warning: Label `table:2' multiply defined.


LaTeX Warning: Label `table:2' multiply defined.


LaTeX Warning: Label `table:2' multiply defined.


LaTeX Warning: Label `table:2' multiply defined.


LaTeX Warning: Label `table:2' multiply defined.


LaTeX Warning: Label `table:2' multiply defined.


LaTeX Warning: Label `table:2' multiply defined.


LaTeX Warning: Label `fig:2' multiply defined.


LaTeX Warning: Label `table:2' multiply defined.


LaTeX Warning: Label `fig:9' multiply defined.


LaTeX Warning: Label `fig:9' multiply defined.


LaTeX Warning: Label `fig:9' multiply defined.


LaTeX Warning: Label `fig:9' multiply defined.


LaTeX Warning: Label `fig:9' multiply defined.


LaTeX Warning: Label `fig:9' multiply defined.


LaTeX Warning: Label `fig:9' multiply defined.


LaTeX Warning: Label `fig:9' multiply defined.


LaTeX Warning: Label `fig:9' multiply defined.


LaTeX Warning: Label `fig:7' multiply defined.


LaTeX Warning: Label `fig:2' multiply defined.


LaTeX Warning: Label `table:2' multiply defined.


LaTeX Warning: Label `fig:2' multiply defined.


LaTeX Warning: Label `fig:2' multiply defined.


LaTeX Warning: Label `table:2' multiply defined.


LaTeX Warning: Label `fig:2' multiply defined.


LaTeX Warning: Label `fig:2' multiply defined.


LaTeX Warning: Label `table:2' multiply defined.


LaTeX Warning: Label `fig:2' multiply defined.


LaTeX Warning: Label `fig:2' multiply defined.


LaTeX Warning: Label `fig:2' multiply defined.


LaTeX Warning: Label `table:2' multiply defined.


LaTeX Warning: Label `fig:2' multiply defined.


LaTeX Warning: Label `table:2' multiply defined.


LaTeX Warning: Label `fig:2' multiply defined.


LaTeX Warning: Label `table:2' multiply defined.


LaTeX Warning: Label `fig:2' multiply defined.


LaTeX Warning: Label `fig:2' multiply defined.


LaTeX Warning: Label `table:2' multiply defined.


LaTeX Warning: Label `fig:2' multiply defined.


LaTeX Warning: Label `fig:2' multiply defined.


LaTeX Warning: Label `table:2' multiply defined.


LaTeX Warning: Label `fig:2' multiply defined.


LaTeX Warning: Label `table:2' multiply defined.


LaTeX Warning: Label `fig:2' multiply defined.


LaTeX Warning: Label `table:2' multiply defined.


LaTeX Warning: Label `fig:2' multiply defined.


LaTeX Warning: Label `fig:2' multiply defined.


LaTeX Warning: Label `table:2' multiply defined.


LaTeX Warning: Label `table:2' multiply defined.


LaTeX Warning: Label `table:2' multiply defined.


LaTeX Warning: Label `table:2' multiply defined.


LaTeX Warning: Label `table:2' multiply defined.


LaTeX Warning: Label `table:2' multiply defined.


LaTeX Warning: Label `table:2' multiply defined.


LaTeX Warning: Label `table:2' multiply defined.


LaTeX Warning: Label `table:2' multiply defined.


LaTeX Warning: Label `table:2' multiply defined.


LaTeX Warning: Label `table:2' multiply defined.


LaTeX Warning: Label `table:2' multiply defined.


LaTeX Warning: Label `table:2' multiply defined.


LaTeX Warning: Label `table:2' multiply defined.


LaTeX Warning: Label `table:2' multiply defined.


LaTeX Warning: Label `table:2' multiply defined.


LaTeX Warning: Label `table:2' multiply defined.


LaTeX Warning: Label `table:2' multiply defined.


LaTeX Warning: Label `table:2' multiply defined.


LaTeX Warning: Label `table:2' multiply defined.


LaTeX Warning: Label `table:2' multiply defined.


LaTeX Warning: Label `table:2' multiply defined.


LaTeX Warning: Label `table:2' multiply defined.


LaTeX Warning: Label `table:2' multiply defined.


LaTeX Warning: Label `table:2' multiply defined.


LaTeX Warning: Label `table:2' multiply defined.


LaTeX Warning: Label `table:2' multiply defined.


LaTeX Warning: Label `table:2' multiply defined.


LaTeX Warning: Label `table:2' multiply defined.


LaTeX Warning: Label `table:2' multiply defined.


LaTeX Warning: Label `table:2' multiply defined.


LaTeX Warning: Label `table:2' multiply defined.


LaTeX Warning: Label `table:2' multiply defined.


LaTeX Warning: Label `table:2' multiply defined.


LaTeX Warning: Label `table:2' multiply defined.


LaTeX Warning: Label `table:2' multiply defined.


LaTeX Warning: Label `table:2' multiply defined.


LaTeX Warning: Label `table:2' multiply defined.


LaTeX Warning: Label `table:2' multiply defined.


LaTeX Warning: Label `table:2' multiply defined.


LaTeX Warning: Label `fig:2' multiply defined.


LaTeX Warning: Label `fig:2' multiply defined.


LaTeX Warning: Label `fig:2' multiply defined.


LaTeX Warning: Label `fig:2' multiply defined.


LaTeX Warning: Label `fig:2' multiply defined.


LaTeX Warning: Label `fig:2' multiply defined.

)
\openout1 = `MCAFinalYearProject.aux'.

LaTeX Font Info:    Checking defaults for OML/cmm/m/it on input line 125.
LaTeX Font Info:    ... okay on input line 125.
LaTeX Font Info:    Checking defaults for T1/cmr/m/n on input line 125.
LaTeX Font Info:    ... okay on input line 125.
LaTeX Font Info:    Checking defaults for OT1/cmr/m/n on input line 125.
LaTeX Font Info:    ... okay on input line 125.
LaTeX Font Info:    Checking defaults for OMS/cmsy/m/n on input line 125.
LaTeX Font Info:    ... okay on input line 125.
LaTeX Font Info:    Checking defaults for OMX/cmex/m/n on input line 125.
LaTeX Font Info:    ... okay on input line 125.
LaTeX Font Info:    Checking defaults for U/cmr/m/n on input line 125.
LaTeX Font Info:    ... okay on input line 125.
LaTeX Font Info:    Checking defaults for TS1/cmr/m/n on input line 125.
LaTeX Font Info:    Try loading font information for TS1+cmr on input line 125.

 (/usr/share/texlive/texmf-dist/tex/latex/base/ts1cmr.fd
File: ts1cmr.fd 1999/05/25 v2.5h Standard LaTeX font definitions
)
LaTeX Font Info:    ... okay on input line 125.
LaTeX Font Info:    Try loading font information for OT1+ptm on input line 125.


(/usr/share/texlive/texmf-dist/tex/latex/psnfss/ot1ptm.fd
File: ot1ptm.fd 2001/06/04 font definitions for OT1/ptm.
)
*geometry* driver: auto-detecting
*geometry* detected driver: pdftex
*geometry* verbose mode - [ preamble ] result:
* driver: pdftex
* paper: a4paper
* layout: <same size as paper>
* layoutoffset:(h,v)=(0.0pt,0.0pt)
* modes: 
* h-part:(L,W,R)=(144.54pt, 380.69789pt, 72.26999pt)
* v-part:(T,H,B)=(72.26999pt, 700.50687pt, 72.26999pt)
* \paperwidth=597.50787pt
* \paperheight=845.04684pt
* \textwidth=380.69789pt
* \textheight=700.50687pt
* \oddsidemargin=72.27pt
* \evensidemargin=72.27pt
* \topmargin=-37.0pt
* \headheight=12.0pt
* \headsep=25.0pt
* \topskip=12.0pt
* \footskip=30.0pt
* \marginparwidth=35.0pt
* \marginparsep=10.0pt
* \columnsep=10.0pt
* \skip\footins=10.8pt plus 4.0pt minus 2.0pt
* \hoffset=0.0pt
* \voffset=0.0pt
* \mag=1000
* \@twocolumnfalse
* \@twosidefalse
* \@mparswitchfalse
* \@reversemarginfalse
* (1in=72.27pt=25.4mm, 1cm=28.453pt)

(/usr/share/texlive/texmf-dist/tex/context/base/supp-pdf.mkii
[Loading MPS to PDF converter (version 2006.09.02).]
\scratchcounter=\count168
\scratchdimen=\dimen220
\scratchbox=\box53
\nofMPsegments=\count169
\nofMParguments=\count170
\everyMPshowfont=\toks55
\MPscratchCnt=\count171
\MPscratchDim=\dimen221
\MPnumerator=\count172
\makeMPintoPDFobject=\count173
\everyMPtoPDFconversion=\toks56
) (/usr/share/texlive/texmf-dist/tex/generic/oberdiek/pdftexcmds.sty
Package: pdftexcmds 2011/11/29 v0.20 Utility functions of pdfTeX for LuaTeX (HO
)

(/usr/share/texlive/texmf-dist/tex/generic/oberdiek/ifluatex.sty
Package: ifluatex 2010/03/01 v1.3 Provides the ifluatex switch (HO)
Package ifluatex Info: LuaTeX not detected.
)
Package pdftexcmds Info: LuaTeX not detected.
Package pdftexcmds Info: \pdf@primitive is available.
Package pdftexcmds Info: \pdf@ifprimitive is available.
Package pdftexcmds Info: \pdfdraftmode found.
)
(/usr/share/texlive/texmf-dist/tex/latex/oberdiek/epstopdf-base.sty
Package: epstopdf-base 2010/02/09 v2.5 Base part for package epstopdf

(/usr/share/texlive/texmf-dist/tex/latex/oberdiek/grfext.sty
Package: grfext 2010/08/19 v1.1 Manage graphics extensions (HO)

(/usr/share/texlive/texmf-dist/tex/generic/oberdiek/kvdefinekeys.sty
Package: kvdefinekeys 2011/04/07 v1.3 Define keys (HO)
))
(/usr/share/texlive/texmf-dist/tex/latex/oberdiek/kvoptions.sty
Package: kvoptions 2011/06/30 v3.11 Key value format for package options (HO)

(/usr/share/texlive/texmf-dist/tex/generic/oberdiek/kvsetkeys.sty
Package: kvsetkeys 2012/04/25 v1.16 Key value parser (HO)

(/usr/share/texlive/texmf-dist/tex/generic/oberdiek/etexcmds.sty
Package: etexcmds 2011/02/16 v1.5 Avoid name clashes with e-TeX commands (HO)
Package etexcmds Info: Could not find \expanded.
(etexcmds)             That can mean that you are not using pdfTeX 1.50 or
(etexcmds)             that some package has redefined \expanded.
(etexcmds)             In the latter case, load this package earlier.
)))
Package grfext Info: Graphics extension search list:
(grfext)             [.png,.pdf,.jpg,.mps,.jpeg,.jbig2,.jb2,.PNG,.PDF,.JPG,.JPE
G,.JBIG2,.JB2,.eps]
(grfext)             \AppendGraphicsExtensions on input line 452.

(/usr/share/texlive/texmf-dist/tex/latex/latexconfig/epstopdf-sys.cfg
File: epstopdf-sys.cfg 2010/07/13 v1.3 Configuration of (r)epstopdf for TeX Liv
e
))
Package caption Info: Begin \AtBeginDocument code.
Package caption Info: listings package is loaded.
Package caption Info: longtable package is loaded.

(/usr/share/texlive/texmf-dist/tex/latex/caption/ltcaption.sty
Package: ltcaption 2011/09/12 v1.3 longtable captions (AR)
)
Package caption Info: rotating package is loaded.
Package caption Info: supertabular package is loaded.
Package caption Info: End \AtBeginDocument code.
\AtBeginShipoutBox=\box54

ABD: EveryShipout initializing macros
\c@lstlisting=\count174
LaTeX Font Info:    Font shape `OT1/ptm/bx/n' in size <17.28> not available
(Font)              Font shape `OT1/ptm/b/n' tried instead on input line 134.
 (./MCAFinalYearProject.toc
LaTeX Font Info:    Font shape `OT1/ptm/bx/n' in size <12> not available
(Font)              Font shape `OT1/ptm/b/n' tried instead on input line 1.
LaTeX Font Info:    Try loading font information for U+msa on input line 1.

(/usr/share/texlive/texmf-dist/tex/latex/amsfonts/umsa.fd
File: umsa.fd 2009/06/22 v3.00 AMS symbols A
)
LaTeX Font Info:    Try loading font information for U+msb on input line 1.

(/usr/share/texlive/texmf-dist/tex/latex/amsfonts/umsb.fd
File: umsb.fd 2009/06/22 v3.00 AMS symbols B
) [1

\openout4 = `MCAFinalYearProject.ist'.

{/var/lib/texmf/fonts/map/pdftex/updmap/pdftex.map}])
\tf@toc=\write7
\openout7 = `MCAFinalYearProject.toc'.

 [2]
LaTeX Font Info:    Font shape `OT1/ptm/bx/n' in size <16> not available
(Font)              Font shape `OT1/ptm/b/n' tried instead on input line 151.

Underfull \hbox (badness 10000) in paragraph at lines 153--155

 []

LaTeX Font Info:    Font shape `OT1/ptm/bx/n' in size <14.4> not available
(Font)              Font shape `OT1/ptm/b/n' tried instead on input line 158.
LaTeX Font Info:    Font shape `OT1/ptm/bx/n' in size <14> not available
(Font)              Font shape `OT1/ptm/b/n' tried instead on input line 158.

Underfull \hbox (badness 10000) in paragraph at lines 160--162

 []


Underfull \hbox (badness 10000) in paragraph at lines 163--165

 []


Underfull \hbox (badness 10000) in paragraph at lines 166--168

 []

[1

]
Underfull \hbox (badness 10000) in paragraph at lines 183--185

 []


Underfull \hbox (badness 10000) in paragraph at lines 186--188

 []

[2] [3]
Underfull \hbox (badness 10000) in paragraph at lines 224--226

 []


Underfull \hbox (badness 10000) in paragraph at lines 227--229

 []


Underfull \hbox (badness 10000) in paragraph at lines 230--232

 []


Underfull \hbox (badness 10000) in paragraph at lines 235--237

 []


Underfull \hbox (badness 10000) in paragraph at lines 243--245

 []

[4]
Underfull \hbox (badness 10000) in paragraph at lines 260--263

 []


Underfull \hbox (badness 10000) in paragraph at lines 264--266

 []

LaTeX Font Info:    Font shape `OT1/ptm/bx/n' in size <10.95> not available
(Font)              Font shape `OT1/ptm/b/n' tried instead on input line 281.
(/usr/share/texlive/texmf-dist/tex/latex/psnfss/ot1pcr.fd)
Underfull \vbox (badness 10000) detected at line 323
 []

[5] [6] [7]
Overfull \hbox (2.89561pt too wide) in paragraph at lines 440--441
[][] 
 []

[8] [9]
Underfull \vbox (badness 10000) detected at line 487
 []

[10]
Underfull \vbox (badness 10000) detected at line 525
 []

[11] [12]
Underfull \vbox (badness 10000) detected at line 565
 []

[13]
Underfull \vbox (badness 10000) detected at line 607
 []

[14]
Underfull \vbox (badness 10000) detected at line 647
 []

[15] [16]
Underfull \vbox (badness 10000) detected at line 687
 []

[17] [18]
Underfull \vbox (badness 10000) detected at line 727
 []

[19]
Underfull \vbox (badness 10000) detected at line 759
 []

[20]
Underfull \vbox (badness 10000) detected at line 795
 []

[21]
Underfull \vbox (badness 10000) detected at line 834
 []

[22]
Underfull \vbox (badness 10000) detected at line 872
 []

[23] [24]
Underfull \hbox (badness 10000) in paragraph at lines 884--886

 []

<./Images/PSPProcessStructure.png, id=95, 951.555pt x 569.12625pt>
File: ./Images/PSPProcessStructure.png Graphic file (type png)

<use ./Images/PSPProcessStructure.png>
Package pdftex.def Info: ./Images/PSPProcessStructure.png used on input line 88
9.
(pdftex.def)             Requested size: 380.69789pt x 227.69856pt.
 [25]
Underfull \hbox (badness 10000) in paragraph at lines 897--900

 []

<./Images/PSPPlaningProcess.png, id=99, 1071.00125pt x 626.34pt>
File: ./Images/PSPPlaningProcess.png Graphic file (type png)

<use ./Images/PSPPlaningProcess.png>
Package pdftex.def Info: ./Images/PSPPlaningProcess.png used on input line 903.

(pdftex.def)             Requested size: 380.69789pt x 222.64374pt.

Underfull \hbox (badness 10000) in paragraph at lines 910--916

 []

[26 <./Images/PSPProcessStructure.png> <./Images/PSPPlaningProcess.png>]
Underfull \hbox (badness 10000) in paragraph at lines 917--921

 []

LaTeX Font Info:    Font shape `OT1/ptm/bx/n' in size <8> not available
(Font)              Font shape `OT1/ptm/b/n' tried instead on input line 923.

Underfull \hbox (badness 10000) in paragraph at lines 924--927

 []


Underfull \hbox (badness 10000) in paragraph at lines 928--930

 []


Underfull \hbox (badness 10000) in paragraph at lines 931--933

 []

[27] [28] [29] <./Images/processflow1.png, id=113, 726.715pt x 377.41pt>
File: ./Images/processflow1.png Graphic file (type png)

<use ./Images/processflow1.png>
Package pdftex.def Info: ./Images/processflow1.png used on input line 1035.
(pdftex.def)             Requested size: 602.43633pt x 312.87589pt.

<./Images/OrderingProcess.jpg, id=115, 829.0975pt x 823.075pt>
File: ./Images/OrderingProcess.jpg Graphic file (type jpg)

<use ./Images/OrderingProcess.jpg>
Package pdftex.def Info: ./Images/OrderingProcess.jpg used on input line 1044.
(pdftex.def)             Requested size: 380.69789pt x 377.92834pt.
 [30]
Overfull \vbox (23.94887pt too high) has occurred while \output is active []


[31 <./Images/processflow1.png>]
<./Images/processflow2.png, id=123, 108.405pt x 60.10455pt>
File: ./Images/processflow2.png Graphic file (type png)

<use ./Images/processflow2.png>
Package pdftex.def Info: ./Images/processflow2.png used on input line 1054.
(pdftex.def)             Requested size: 602.43633pt x 334.10878pt.

<./Images/activity-examples-online-shopping.png, id=124, 109.3686pt x 66.60886p
t>
File: ./Images/activity-examples-online-shopping.png Graphic file (type png)
 <use ./Images/activity-examples-online-shopping.png>
Package pdftex.def Info: ./Images/activity-examples-online-shopping.png used on
 input line 1066.
(pdftex.def)             Requested size: 602.43633pt x 367.08862pt.
 [32 <./Images/OrderingProcess.jpg>]
Overfull \hbox (16.51553pt too wide) in paragraph at lines 1071--1072
[][] 
 []

<./Images/componentwebsite.png, id=128, 102.3825pt x 71.18594pt>
File: ./Images/componentwebsite.png Graphic file (type png)

<use ./Images/componentwebsite.png>
Package pdftex.def Info: ./Images/componentwebsite.png used on input line 1078.

(pdftex.def)             Requested size: 532.38136pt x 370.18745pt.
 [33 <./Images/processflow2.png>]
Overfull \hbox (19.61436pt too wide) in paragraph at lines 1083--1084
[][] 
 []

[34 <./Images/activity-examples-online-shopping.png>]
<./Images/dfd1.png, id=137, 505.89pt x 480.5955pt>
File: ./Images/dfd1.png Graphic file (type png)
 <use ./Images/dfd1.png>
Package pdftex.def Info: ./Images/dfd1.png used on input line 1088.
(pdftex.def)             Requested size: 380.69789pt x 361.6704pt.

Overfull \hbox (17.62482pt too wide) in paragraph at lines 1086--1093
[]$[]$ 
 []

[35 <./Images/componentwebsite.png>]
<./Images/architecture.png, id=143, 455.7025pt x 260.975pt>
File: ./Images/architecture.png Graphic file (type png)

<use ./Images/architecture.png>
Package pdftex.def Info: ./Images/architecture.png used on input line 1098.
(pdftex.def)             Requested size: 380.69789pt x 218.02684pt.

Overfull \hbox (17.62482pt too wide) in paragraph at lines 1096--1103
[]$[]$ 
 []

[36 <./Images/dfd1.png> <./Images/architecture.png>]
Underfull \vbox (badness 10000) detected at line 1154
 []

[37] [38] <./Images/SS1.png, id=154, 294.09875pt x 133.49875pt>
File: ./Images/SS1.png Graphic file (type png)

<use ./Images/SS1.png>
Package pdftex.def Info: ./Images/SS1.png used on input line 1171.
(pdftex.def)             Requested size: 266.48735pt x 120.96661pt.

Overfull \hbox (17.62482pt too wide) in paragraph at lines 1169--1176
[]$[]$ 
 []

<./Images/SS2.png, id=155, 483.8075pt x 300.12125pt>
File: ./Images/SS2.png Graphic file (type png)
 <use ./Images/SS2.png>
Package pdftex.def Info: ./Images/SS2.png used on input line 1181.
(pdftex.def)             Requested size: 380.69789pt x 236.16814pt.

Overfull \hbox (17.62482pt too wide) in paragraph at lines 1179--1186
[]$[]$ 
 []

<./Images/SS3.png, id=156, 514.92375pt x 434.62375pt>
File: ./Images/SS3.png Graphic file (type png)
 <use ./Images/SS3.png>
Package pdftex.def Info: ./Images/SS3.png used on input line 1191.
(pdftex.def)             Requested size: 380.69789pt x 321.338pt.

Overfull \hbox (17.62482pt too wide) in paragraph at lines 1189--1196
[]$[]$ 
 []

[39 <./Images/SS1.png> <./Images/SS2.png>]
<./Images/SS4.png, id=160, 562.1pt x 361.35pt>
File: ./Images/SS4.png Graphic file (type png)
 <use ./Images/SS4.png>
Package pdftex.def Info: ./Images/SS4.png used on input line 1201.
(pdftex.def)             Requested size: 380.69789pt x 244.7333pt.

Overfull \hbox (17.62482pt too wide) in paragraph at lines 1199--1206
[]$[]$ 
 []

<./Images/SS5.png, id=161, 495.8525pt x 307.1475pt>
File: ./Images/SS5.png Graphic file (type png)
 <use ./Images/SS5.png>
Package pdftex.def Info: ./Images/SS5.png used on input line 1211.
(pdftex.def)             Requested size: 380.69789pt x 235.82004pt.

Overfull \hbox (17.62482pt too wide) in paragraph at lines 1209--1216
[]$[]$ 
 []

[40 <./Images/SS3.png> <./Images/SS4.png>]
<./Images/SS6.png, id=165, 513.92pt x 220.825pt>
File: ./Images/SS6.png Graphic file (type png)
 <use ./Images/SS6.png>
Package pdftex.def Info: ./Images/SS6.png used on input line 1221.
(pdftex.def)             Requested size: 380.69789pt x 163.58315pt.

Overfull \hbox (17.62482pt too wide) in paragraph at lines 1219--1227
[]$[]$
 []


Underfull \hbox (badness 10000) in paragraph at lines 1228--1231

 []

<./Images/JSONOrderDetailsField.png, id=166, 454.69875pt x 375.4025pt>
File: ./Images/JSONOrderDetailsField.png Graphic file (type png)

<use ./Images/JSONOrderDetailsField.png>
Package pdftex.def Info: ./Images/JSONOrderDetailsField.png used on input line 
1237.
(pdftex.def)             Requested size: 380.69789pt x 314.31061pt.

Overfull \hbox (17.62482pt too wide) in paragraph at lines 1235--1242
[]$[]$ 
 []

[41 <./Images/SS5.png> <./Images/SS6.png>]
<./Images/JSONShipdetail.png, id=171, 396.48125pt x 218.8175pt>
File: ./Images/JSONShipdetail.png Graphic file (type png)

<use ./Images/JSONShipdetail.png>
Package pdftex.def Info: ./Images/JSONShipdetail.png used on input line 1247.
(pdftex.def)             Requested size: 380.69789pt x 210.11249pt.

Overfull \hbox (17.62482pt too wide) in paragraph at lines 1245--1253
[]$[]$
 []

<./Images/JsonarrayViewOrder.png, id=172, 488.82625pt x 596.2275pt>
File: ./Images/JsonarrayViewOrder.png Graphic file (type png)

<use ./Images/JsonarrayViewOrder.png>
Package pdftex.def Info: ./Images/JsonarrayViewOrder.png used on input line 125
6.
(pdftex.def)             Requested size: 380.69789pt x 464.34596pt.

Overfull \hbox (17.62482pt too wide) in paragraph at lines 1254--1262
[]$[]$
 []

[42 <./Images/JSONOrderDetailsField.png> <./Images/JSONShipdetail.png>]
<./Images/DBOrder1.png, id=176, 1231.60126pt x 595.22375pt>
File: ./Images/DBOrder1.png Graphic file (type png)

<use ./Images/DBOrder1.png>
Package pdftex.def Info: ./Images/DBOrder1.png used on input line 1267.
(pdftex.def)             Requested size: 700.50687pt x 338.55447pt.
 [43 <./Images/JsonarrayViewOrder.png>] [44 <./Images/DBOrder1.png>] <./Images/
MainScreen.png, id=183, 1282.7925pt x 655.44875pt>
File: ./Images/MainScreen.png Graphic file (type png)

<use ./Images/MainScreen.png>
Package pdftex.def Info: ./Images/MainScreen.png used on input line 1295.
(pdftex.def)             Requested size: 700.50687pt x 357.93758pt.

Overfull \hbox (7.36449pt too wide) in paragraph at lines 1300--1301
[][] 
 []

[45] [46 <./Images/MainScreen.png>]
Underfull \vbox (badness 10000) detected at line 1331
 []

<./Images/LoginValidation.png, id=190, 1282.7925pt x 655.44875pt>
File: ./Images/LoginValidation.png Graphic file (type png)

<use ./Images/LoginValidation.png>
Package pdftex.def Info: ./Images/LoginValidation.png used on input line 1339.
(pdftex.def)             Requested size: 700.50687pt x 357.93758pt.

Overfull \hbox (7.36449pt too wide) in paragraph at lines 1344--1345
[][] 
 []

<./Images/SignupScreen.png, id=191, 1282.7925pt x 773.89125pt>
File: ./Images/SignupScreen.png Graphic file (type png)

<use ./Images/SignupScreen.png>
Package pdftex.def Info: ./Images/SignupScreen.png used on input line 1351.
(pdftex.def)             Requested size: 602.43633pt x 363.44553pt.
 [47]
Overfull \hbox (12.87244pt too wide) in paragraph at lines 1356--1357
[][] 
 []

[48 <./Images/LoginValidation.png>] [49 <./Images/SignupScreen.png>]
Underfull \vbox (badness 10000) detected at line 1396
 []

<./Images/SignupScreenVallidation.png, id=203, 1282.7925pt x 773.89125pt>
File: ./Images/SignupScreenVallidation.png Graphic file (type png)

<use ./Images/SignupScreenVallidation.png>
Package pdftex.def Info: ./Images/SignupScreenVallidation.png used on input lin
e 1405.
(pdftex.def)             Requested size: 602.43633pt x 363.44553pt.

Overfull \hbox (12.87244pt too wide) in paragraph at lines 1410--1411
[][] 
 []

<./Images/InternalScreen1.png, id=204, 1282.7925pt x 656.4525pt>
File: ./Images/InternalScreen1.png Graphic file (type png)

<use ./Images/InternalScreen1.png>
Package pdftex.def Info: ./Images/InternalScreen1.png used on input line 1417.
(pdftex.def)             Requested size: 700.50687pt x 358.48573pt.
 [50]
Overfull \hbox (7.91264pt too wide) in paragraph at lines 1422--1423
[][] 
 []

[51 <./Images/SignupScreenVallidation.png>] [52 <./Images/InternalScreen1.png>]

Underfull \vbox (badness 10000) detected at line 1466
 []

[53] <./Images/InternalScreen2.png, id=218, 1282.7925pt x 653.44125pt>
File: ./Images/InternalScreen2.png Graphic file (type png)

<use ./Images/InternalScreen2.png>
Package pdftex.def Info: ./Images/InternalScreen2.png used on input line 1475.
(pdftex.def)             Requested size: 700.50687pt x 356.8413pt.

Overfull \hbox (6.2682pt too wide) in paragraph at lines 1480--1481
[][] 
 []

<./Images/internalScreen3.png, id=219, 1284.8pt x 656.4525pt>
File: ./Images/internalScreen3.png Graphic file (type png)

<use ./Images/internalScreen3.png>
Package pdftex.def Info: ./Images/internalScreen3.png used on input line 1487.
(pdftex.def)             Requested size: 700.50687pt x 357.92479pt.
 [54]
Overfull \hbox (7.3517pt too wide) in paragraph at lines 1492--1493
[][] 
 []

<./Images/InternalScreen4.png, id=223, 1282.7925pt x 653.44125pt>
File: ./Images/InternalScreen4.png Graphic file (type png)

<use ./Images/InternalScreen4.png>
Package pdftex.def Info: ./Images/InternalScreen4.png used on input line 1499.
(pdftex.def)             Requested size: 700.50687pt x 356.8413pt.
 [55 <./Images/InternalScreen2.png>]
Overfull \hbox (6.2682pt too wide) in paragraph at lines 1504--1505
[][] 
 []

[56 <./Images/internalScreen3.png>] [57 <./Images/InternalScreen4.png>]
Underfull \vbox (badness 10000) detected at line 1546
 []

<./Images/PlaceOrderScreen.png, id=233, 1284.8pt x 655.44875pt>
File: ./Images/PlaceOrderScreen.png Graphic file (type png)

<use ./Images/PlaceOrderScreen.png>
Package pdftex.def Info: ./Images/PlaceOrderScreen.png used on input line 1555.

(pdftex.def)             Requested size: 700.50687pt x 357.3775pt.

Overfull \hbox (6.80441pt too wide) in paragraph at lines 1560--1561
[][] 
 []

[58] [59 <./Images/PlaceOrderScreen.png>]
Underfull \vbox (badness 10000) detected at line 1604
 []

<./Images/PaymentGateway1.png, id=241, 1278.7775pt x 773.89125pt>
File: ./Images/PaymentGateway1.png Graphic file (type png)

<use ./Images/PaymentGateway1.png>
Package pdftex.def Info: ./Images/PaymentGateway1.png used on input line 1613.
(pdftex.def)             Requested size: 602.43633pt x 364.57916pt.

Overfull \hbox (14.00607pt too wide) in paragraph at lines 1618--1619
[][] 
 []

[60] [61 <./Images/PaymentGateway1.png>]
Underfull \vbox (badness 10000) detected at line 1672
 []

[62] <./Images/PaymentGateway2.png, id=251, 1282.7925pt x 772.8875pt>
File: ./Images/PaymentGateway2.png Graphic file (type png)

<use ./Images/PaymentGateway2.png>
Package pdftex.def Info: ./Images/PaymentGateway2.png used on input line 1681.
(pdftex.def)             Requested size: 602.43633pt x 362.97414pt.

Overfull \hbox (12.40105pt too wide) in paragraph at lines 1686--1687
[][] 
 []

<./Images/OrderConfirmation.png, id=252, 1282.7925pt x 652.4375pt>
File: ./Images/OrderConfirmation.png Graphic file (type png)

<use ./Images/OrderConfirmation.png>
Package pdftex.def Info: ./Images/OrderConfirmation.png used on input line 1693
.
(pdftex.def)             Requested size: 700.50687pt x 356.29315pt.
 [63]
Overfull \hbox (5.72006pt too wide) in paragraph at lines 1698--1699
[][] 
 []

[64 <./Images/PaymentGateway2.png (PNG copy)>] [65 <./Images/OrderConfirmation.
png>]
Underfull \vbox (badness 10000) detected at line 1744
 []

[66] <./Images/Email.png, id=266, 1113.15875pt x 521.95pt>
File: ./Images/Email.png Graphic file (type png)

<use ./Images/Email.png>
Package pdftex.def Info: ./Images/Email.png used on input line 1753.
(pdftex.def)             Requested size: 700.50687pt x 328.46387pt.

<./Images/AdminmainScreen.png, id=267, 1279.78125pt x 650.43pt>
File: ./Images/AdminmainScreen.png Graphic file (type png)

<use ./Images/AdminmainScreen.png>
Package pdftex.def Info: ./Images/AdminmainScreen.png used on input line 1765.
(pdftex.def)             Requested size: 700.50687pt x 356.02061pt.
 [67]
Overfull \hbox (5.44753pt too wide) in paragraph at lines 1770--1771
[][] 
 []

[68 <./Images/Email.png>] [69 <./Images/AdminmainScreen.png>]
Underfull \vbox (badness 10000) detected at line 1808
 []

<./Images/AdminManageProduct.png, id=277, 1282.7925pt x 653.44125pt>
File: ./Images/AdminManageProduct.png Graphic file (type png)

<use ./Images/AdminManageProduct.png>
Package pdftex.def Info: ./Images/AdminManageProduct.png used on input line 181
8.
(pdftex.def)             Requested size: 700.50687pt x 356.8413pt.

Overfull \hbox (6.2682pt too wide) in paragraph at lines 1823--1824
[][] 
 []

[70] [71 <./Images/AdminManageProduct.png>]
Underfull \vbox (badness 10000) detected at line 1869
 []

[72] <./Images/AdminAddProductForm.png, id=288, 1282.7925pt x 652.4375pt>
File: ./Images/AdminAddProductForm.png Graphic file (type png)

<use ./Images/AdminAddProductForm.png>
Package pdftex.def Info: ./Images/AdminAddProductForm.png used on input line 18
78.
(pdftex.def)             Requested size: 700.50687pt x 356.29315pt.

Overfull \hbox (5.72006pt too wide) in paragraph at lines 1883--1884
[][] 
 []

[73] [74 <./Images/AdminAddProductForm.png>]
Underfull \vbox (badness 10000) detected at line 1930
 []

[75] <./Images/AddProdValidation1.png, id=298, 1281.78876pt x 773.89125pt>
File: ./Images/AddProdValidation1.png Graphic file (type png)

<use ./Images/AddProdValidation1.png>
Package pdftex.def Info: ./Images/AddProdValidation1.png used on input line 193
9.
(pdftex.def)             Requested size: 602.43633pt x 363.72894pt.

Overfull \hbox (13.15585pt too wide) in paragraph at lines 1944--1945
[][] 
 []

<./Images/AddProdValidation2.png, id=299, 1284.8pt x 773.89125pt>
File: ./Images/AddProdValidation2.png Graphic file (type png)

<use ./Images/AddProdValidation2.png>
Package pdftex.def Info: ./Images/AddProdValidation2.png used on input line 195
1.
(pdftex.def)             Requested size: 602.43633pt x 362.87871pt.
 [76]
Overfull \hbox (12.30562pt too wide) in paragraph at lines 1956--1957
[][] 
 []

[77 <./Images/AddProdValidation1.png>] [78 <./Images/AddProdValidation2.png>]
(./source/email.go)
(/usr/share/texlive/texmf-dist/tex/latex/listings/lstlang1.sty
File: lstlang1.sty 2004/09/05 1.3 listings language file
)
(/usr/share/texlive/texmf-dist/tex/latex/listings/lstmisc.sty
File: lstmisc.sty 2007/02/22 1.4 (Carsten Heinz)
)
(./source/index.html
LaTeX Font Info:    Font shape `OT1/pcr/bx/n' in size <10> not available
(Font)              Font shape `OT1/pcr/b/n' tried instead on input line 2.
 [79]
LaTeX Font Info:    Try loading font information for TS1+pcr on input line 17.

(/usr/share/texlive/texmf-dist/tex/latex/psnfss/ts1pcr.fd
File: ts1pcr.fd 2001/06/04 font definitions for TS1/pcr.
) [80])
Underfull \vbox (badness 10000) detected at line 1995
 []


Underfull \vbox (badness 10000) detected at line 2024
 []


Underfull \vbox (badness 10000) detected at line 2052
 []


Underfull \vbox (badness 10000) detected at line 2080
 []

[81]
Underfull \vbox (badness 10000) detected at line 2108
 []


Underfull \vbox (badness 10000) detected at line 2136
 []


Underfull \vbox (badness 10000) detected at line 2164
 []


Underfull \vbox (badness 10000) detected at line 2192
 []


Underfull \vbox (badness 10000) detected at line 2220
 []

[82]
Underfull \vbox (badness 10000) detected at line 2248
 []


Underfull \vbox (badness 10000) detected at line 2276
 []


Underfull \vbox (badness 10000) detected at line 2304
 []


Underfull \vbox (badness 10000) detected at line 2332
 []

[83]
Underfull \vbox (badness 10000) detected at line 2360
 []


Underfull \vbox (badness 10000) detected at line 2388
 []


Underfull \vbox (badness 10000) detected at line 2416
 []


Underfull \vbox (badness 10000) detected at line 2444
 []

[84]
Underfull \vbox (badness 10000) detected at line 2473
 []


Underfull \vbox (badness 10000) detected at line 2501
 []


Underfull \vbox (badness 10000) detected at line 2529
 []


Underfull \vbox (badness 10000) detected at line 2557
 []

[85]
Underfull \vbox (badness 10000) detected at line 2585
 []


Underfull \vbox (badness 10000) detected at line 2613
 []


Underfull \vbox (badness 10000) detected at line 2641
 []


Underfull \vbox (badness 10000) detected at line 2669
 []

[86]
Underfull \vbox (badness 10000) detected at line 2697
 []


Underfull \vbox (badness 10000) detected at line 2725
 []


Underfull \vbox (badness 10000) detected at line 2753
 []


Underfull \vbox (badness 10000) detected at line 2781
 []

[87]
Underfull \vbox (badness 10000) detected at line 2809
 []


Underfull \vbox (badness 10000) detected at line 2837
 []


Underfull \vbox (badness 10000) detected at line 2865
 []


Underfull \vbox (badness 10000) detected at line 2893
 []

[88]
Underfull \vbox (badness 10000) detected at line 2921
 []


Underfull \vbox (badness 10000) detected at line 2949
 []


Underfull \vbox (badness 10000) detected at line 2977
 []


Underfull \vbox (badness 10000) detected at line 3005
 []

[89]
Underfull \vbox (badness 10000) detected at line 3033
 []


Underfull \vbox (badness 10000) detected at line 3061
 []


Underfull \vbox (badness 10000) detected at line 3089
 []


Underfull \vbox (badness 10000) detected at line 3117
 []

[90]
Underfull \vbox (badness 10000) detected at line 3145
 []


Underfull \vbox (badness 10000) detected at line 3173
 []


Underfull \vbox (badness 10000) detected at line 3201
 []


Underfull \vbox (badness 10000) detected at line 3229
 []

[91] [92]
Overfull \hbox (3.13014pt too wide) in paragraph at lines 3298--3300
\OT1/ptm/m/n/12 Transport Layer Se-cu-rity (TLS) and its pre-de-ces-sor, Se-cur
e Sock-ets Layer (SSL),
 []


Underfull \hbox (badness 10000) in paragraph at lines 3298--3300

 []

<./Images/TLScertdetail.png, id=355, 586.19pt x 125.46875pt>
File: ./Images/TLScertdetail.png Graphic file (type png)

<use ./Images/TLScertdetail.png>
Package pdftex.def Info: ./Images/TLScertdetail.png used on input line 3311.
(pdftex.def)             Requested size: 380.69789pt x 81.48479pt.

<./Images/TLSSecurityWarning3.png, id=356, 1282.7925pt x 773.89125pt>
File: ./Images/TLSSecurityWarning3.png Graphic file (type png)

<use ./Images/TLSSecurityWarning3.png>
Package pdftex.def Info: ./Images/TLSSecurityWarning3.png used on input line 33
22.
(pdftex.def)             Requested size: 609.43755pt x 367.67302pt.

Overfull \hbox (17.09993pt too wide) in paragraph at lines 3327--3328
[][] 
 []

<./Images/TLSSecurityWarning4.png, id=357, 686.565pt x 688.5725pt>
File: ./Images/TLSSecurityWarning4.png Graphic file (type png)

<use ./Images/TLSSecurityWarning4.png>
Package pdftex.def Info: ./Images/TLSSecurityWarning4.png used on input line 33
32.
(pdftex.def)             Requested size: 380.69789pt x 381.80502pt.
 [93 <./Images/TLScertdetail.png>]
[94 <./Images/TLSSecurityWarning3.png>] [95 <./Images/TLSSecurityWarning4.png>]

Underfull \hbox (badness 10000) in paragraph at lines 3361--3363

 []


Underfull \hbox (badness 10000) in paragraph at lines 3364--3366

 []


Underfull \hbox (badness 10000) in paragraph at lines 3367--3369

 []

[96]
Underfull \hbox (badness 10000) in paragraph at lines 3386--3389

 []


Underfull \hbox (badness 10000) in paragraph at lines 3390--3392

 []

[97]
Underfull \hbox (badness 10000) in paragraph at lines 3398--3403

 []

<./Images/PSPObjectSizeData.png, id=374, 1202.4925pt x 323.2075pt>
File: ./Images/PSPObjectSizeData.png Graphic file (type png)

<use ./Images/PSPObjectSizeData.png>
Package pdftex.def Info: ./Images/PSPObjectSizeData.png used on input line 3410
.
(pdftex.def)             Requested size: 380.69789pt x 102.32379pt.

Underfull \hbox (badness 10000) in paragraph at lines 3418--3422

 []

[98 <./Images/PSPObjectSizeData.png>] [99] [100]
<./Images/PSPProcessElements1.png, id=385, 781.92125pt x 583.17876pt>
File: ./Images/PSPProcessElements1.png Graphic file (type png)

<use ./Images/PSPProcessElements1.png>
Package pdftex.def Info: ./Images/PSPProcessElements1.png used on input line 34
37.
(pdftex.def)             Requested size: 380.69789pt x 283.93588pt.

<./Images/PSPPert1.png, id=386, 514.92375pt x 426.59375pt>
File: ./Images/PSPPert1.png Graphic file (type png)

<use ./Images/PSPPert1.png>
Package pdftex.def Info: ./Images/PSPPert1.png used on input line 3446.
(pdftex.def)             Requested size: 380.69789pt x 315.40103pt.
 [101 <./Images/PSPProcessElements1.png>]
Overfull \hbox (2.89561pt too wide) in paragraph at lines 3503--3504
[][] 
 []

[102 <./Images/PSPPert1.png>] [103]
Overfull \hbox (14.8161pt too wide) in paragraph at lines 3507--3507
[]\OT1/ptm/b/n/16 FUTURE SCOPE AND FUR-THER EN-HANCE-MENT 
 []

[104]
Overfull \hbox (11.3135pt too wide) in paragraph at lines 3532--3546
\OT1/ptm/m/n/12 [2] http://www.indiaretailing.com/2016/08/30/retail/online-shop
ping-trends-facts-
 []


Overfull \hbox (7.56009pt too wide) in paragraph at lines 3532--3546
\OT1/ptm/m/n/12 SM. ) CMU/SEI-2000-TR-022. ESC-TR-2000-022. Watts S. Humphrey. 
Novem-
 []

[105] (./MCAFinalYearProject.lof)
\tf@lof=\write8
\openout8 = `MCAFinalYearProject.lof'.

 [106] (./MCAFinalYearProject.lot [107])
\tf@lot=\write9
\openout9 = `MCAFinalYearProject.lot'.


[108] (./MCAFinalYearProject.gls [109]
Overfull \hbox (13.66508pt too wide) in paragraph at lines 45--45
\OT1/ptm/m/n/12 cryp-tion pro-to-col) is an ab-stract or con-crete pro-to-col t
hat per-forms a security-
 []

[110]
Overfull \hbox (6.16467pt too wide) in paragraph at lines 96--98
\OT1/ptm/m/n/12 com-mu-ni-ca-tion fa-cil-i-ties, con-sist-ing of in-ter-con-nec
ted net-works us-ing stan-
 []

[111]
Overfull \hbox (28.5297pt too wide) in paragraph at lines 100--100
[]\OT1/ptm/m/n/12 Inventory man-age-ment is the su-per-vi-sion of non-capitaliz
ed
 []


Overfull \hbox (1.5417pt too wide) in paragraph at lines 114--116
[]\OT1/ptm/m/n/12 In cryp-tog-ra-phy, a mes-sage au-then-ti-ca-tion code
 []

[112]
Overfull \hbox (5.39622pt too wide) in paragraph at lines 126--128
\OT1/ptm/m/n/12 class of in-for-ma-tion sys-tems that fa-cil-i-tate and man-age
 transaction-oriented
 []


Overfull \hbox (4.10916pt too wide) in paragraph at lines 134--134
[]\OT1/ptm/m/n/12 the low-level soft-ware that sup-ports a com-puter`s ba-sic f
unc-
 []

[113]
Overfull \hbox (1.16905pt too wide) in paragraph at lines 181--183
[]\OT1/ptm/m/n/12 Supply chain man-age-ment (SCM) is the over-sight
 []

[114]
Overfull \hbox (1.2774pt too wide) in paragraph at lines 191--193
[]\OT1/ptm/m/n/12 The Trans-port Layer Se-cu-rity (TLS) Hand-shake Pro-
 []


Overfull \hbox (11.04459pt too wide) in paragraph at lines 204--204
[]\OT1/ptm/m/n/12 A UUID (Uni-ver-sal Unique Iden-ti-fier) is a 128-bit num-ber
 used to uniquely
 []

[115]) (./MCAFinalYearProject.acr) [116] (./MCAFinalYearProject.aux)

LaTeX Warning: There were multiply-defined labels.

 ) 
Here is how much of TeX's memory you used:
 29434 strings out of 493485
 617232 string characters out of 3143526
 927420 words of memory out of 3000000
 32092 multiletter control sequences out of 15000+200000
 33624 words of font info for 77 fonts, out of 3000000 for 9000
 957 hyphenation exceptions out of 8191
 56i,11n,117p,1455b,2099s stack positions out of 5000i,500n,10000p,200000b,50000s
{/usr/share/texlive/texmf-dist/fonts/enc/dvips/base/8r.enc}</usr/share/texliv
e/texmf-dist/fonts/type1/public/amsfonts/cm/cmmi10.pfb></usr/share/texlive/texm
f-dist/fonts/type1/public/amsfonts/cm/cmmi12.pfb></usr/share/texlive/texmf-dist
/fonts/type1/public/amsfonts/cm/cmr12.pfb></usr/share/texlive/texmf-dist/fonts/
type1/public/amsfonts/cm/cmsy10.pfb></usr/share/texlive/texmf-dist/fonts/type1/
urw/courier/ucrb8a.pfb></usr/share/texlive/texmf-dist/fonts/type1/urw/courier/u
crr8a.pfb></usr/share/texlive/texmf-dist/fonts/type1/urw/times/utmb8a.pfb></usr
/share/texlive/texmf-dist/fonts/type1/urw/times/utmr8a.pfb></usr/share/texlive/
texmf-dist/fonts/type1/urw/times/utmri8a.pfb>
Output written on MCAFinalYearProject.pdf (118 pages, 2595557 bytes).
PDF statistics:
 475 PDF objects out of 1000 (max. 8388607)
 294 compressed objects within 3 object streams
 0 named destinations out of 1000 (max. 500000)
 228 words of extra memory for PDF output out of 10000 (max. 10000000)

