\BOOKMARK [1][-]{section.1}{Introduction / Objectives}{}% 1
\BOOKMARK [2][-]{subsection.1.1}{Background}{section.1}% 2
\BOOKMARK [2][-]{subsection.1.2}{Purpose \046 Motivation}{section.1}% 3
\BOOKMARK [2][-]{subsection.1.3}{Objectives}{section.1}% 4
\BOOKMARK [2][-]{subsection.1.4}{Project Category}{section.1}% 5
\BOOKMARK [1][-]{section.2}{System Analysis}{}% 6
\BOOKMARK [2][-]{subsection.2.1}{Identification of Need}{section.2}% 7
\BOOKMARK [2][-]{subsection.2.2}{Preliminary Investigation}{section.2}% 8
\BOOKMARK [2][-]{subsection.2.3}{Feasibility Study}{section.2}% 9
\BOOKMARK [2][-]{subsection.2.4}{Project Planning}{section.2}% 10
\BOOKMARK [2][-]{subsection.2.5}{Project Scheduling}{section.2}% 11
\BOOKMARK [2][-]{subsection.2.6}{Software Requirement Specifications}{section.2}% 12
\BOOKMARK [3][-]{subsubsection.2.6.1}{Problem Definition}{subsection.2.6}% 13
\BOOKMARK [3][-]{subsubsection.2.6.2}{User Module}{subsection.2.6}% 14
\BOOKMARK [3][-]{subsubsection.2.6.3}{User Module - Registration}{subsection.2.6}% 15
\BOOKMARK [3][-]{subsubsection.2.6.4}{User Module - Sign-On}{subsection.2.6}% 16
\BOOKMARK [3][-]{subsubsection.2.6.5}{User Module - Search Products}{subsection.2.6}% 17
\BOOKMARK [3][-]{subsubsection.2.6.6}{Shopping Cart}{subsection.2.6}% 18
\BOOKMARK [3][-]{subsubsection.2.6.7}{Place Order}{subsection.2.6}% 19
\BOOKMARK [3][-]{subsubsection.2.6.8}{User Module - Make Payment}{subsection.2.6}% 20
\BOOKMARK [3][-]{subsubsection.2.6.9}{User Module - Invoice}{subsection.2.6}% 21
\BOOKMARK [3][-]{subsubsection.2.6.10}{User Module - Notifications}{subsection.2.6}% 22
\BOOKMARK [3][-]{subsubsection.2.6.11}{Admin Module}{subsection.2.6}% 23
\BOOKMARK [3][-]{subsubsection.2.6.12}{Admin Module - View Order data}{subsection.2.6}% 24
\BOOKMARK [3][-]{subsubsection.2.6.13}{Admin Module - Manage Products}{subsection.2.6}% 25
\BOOKMARK [3][-]{subsubsection.2.6.14}{Admin Module - Add Product}{subsection.2.6}% 26
\BOOKMARK [3][-]{subsubsection.2.6.15}{Reports}{subsection.2.6}% 27
\BOOKMARK [2][-]{subsection.2.7}{Software Engineering Paradigm applied}{section.2}% 28
\BOOKMARK [3][-]{subsubsection.2.7.1}{The Personal Software Process \(PSP\)}{subsection.2.7}% 29
\BOOKMARK [3][-]{subsubsection.2.7.2}{Notes on the Go Programming Language Design [4]}{subsection.2.7}% 30
\BOOKMARK [2][-]{subsection.2.8}{Data Models \046 Diagrams}{section.2}% 31
\BOOKMARK [1][-]{section.3}{System Design}{}% 32
\BOOKMARK [2][-]{subsection.3.1}{Modularisation Details}{section.3}% 33
\BOOKMARK [2][-]{subsection.3.2}{Data integrity \046 Constraints}{section.3}% 34
\BOOKMARK [2][-]{subsection.3.3}{Database Design}{section.3}% 35
\BOOKMARK [2][-]{subsection.3.4}{User Interface Design}{section.3}% 36
\BOOKMARK [1][-]{section.4}{Coding}{}% 37
\BOOKMARK [1][-]{section.5}{System Security Measures}{}% 38
\BOOKMARK [1][-]{section.6}{Cost Estimation of the Project}{}% 39
\BOOKMARK [1][-]{section.7}{Reports}{}% 40
\BOOKMARK [1][-]{section.8}{Project Chart, Gantt Chart}{}% 41
\BOOKMARK [1][-]{section.9}{Future Scope and further enhancement }{}% 42
\BOOKMARK [1][-]{section.10}{Bibliography}{}% 43
\BOOKMARK [1][-]{section.11}{Appendices}{}% 44
\BOOKMARK [1][-]{section.12}{Glossary}{}% 45
